0001_0048_0048_0039_0039.jpg 1 48 48 39 39
0002_0041_0011_0039_0039.jpg 1 41 11 39 39
0003_0021_0022_0043_0043.jpg 1 21 22 43 43
0004_0047_0039_0045_0045.jpg 1 47 39 45 45
0005_0054_0052_0033_0033.jpg 1 54 52 33 33
0006_0012_0007_0062_0062.jpg 1 12 7 62 62
0007_0007_0033_0028_0028.jpg 1 7 33 28 28
0008_0034_0020_0035_0035.jpg 1 34 20 35 35
0009_0006_0014_0062_0062.jpg 1 6 14 62 62
0010_0018_0022_0025_0025.jpg 1 18 22 25 25
0011_0014_0013_0068_0068.jpg 1 14 13 68 68
0012_0008_0031_0038_0038.jpg 1 8 31 38 38
0013_0049_0019_0040_0040.jpg 1 49 19 40 40
0014_0011_0016_0035_0035.jpg 1 11 16 35 35
0015_0047_0034_0032_0032.jpg 1 47 34 32 32
0016_0032_0021_0059_0059.jpg 1 32 21 59 59
0017_0028_0036_0056_0056.jpg 1 28 36 56 56
0018_0016_0023_0054_0054.jpg 1 16 23 54 54
0019_0022_0023_0055_0055.jpg 1 22 23 55 55
0020_0020_0033_0040_0040.jpg 1 20 33 40 40
0021_0027_0009_0062_0062.jpg 1 27 9 62 62
0022_0018_0028_0060_0060.jpg 1 18 28 60 60
0023_0040_0019_0041_0041.jpg 1 40 19 41 41
0024_0006_0022_0069_0069.jpg 1 6 22 69 69
0025_0004_0010_0062_0062.jpg 1 4 10 62 62
0026_0009_0023_0050_0050.jpg 1 9 23 50 50
0027_0015_0043_0050_0050.jpg 1 15 43 50 50
0028_0044_0022_0044_0044.jpg 1 44 22 44 44
0029_0023_0035_0049_0049.jpg 1 23 35 49 49
0030_0015_0027_0061_0061.jpg 1 15 27 61 61
0031_0032_0008_0064_0064.jpg 1 32 8 64 64
0032_0017_0008_0065_0065.jpg 1 17 8 65 65
0033_0032_0020_0041_0041.jpg 1 32 20 41 41
0034_0008_0017_0045_0045.jpg 1 8 17 45 45
0035_0029_0029_0060_0060.jpg 1 29 29 60 60
0036_0027_0016_0049_0049.jpg 1 27 16 49 49
0037_0014_0039_0041_0041.jpg 1 14 39 41 41
0038_0028_0035_0039_0039.jpg 1 28 35 39 39
0039_0010_0018_0043_0043.jpg 1 10 18 43 43
0040_0023_0040_0055_0055.jpg 1 23 40 55 55
0041_0049_0035_0027_0027.jpg 1 49 35 27 27
0042_0020_0046_0039_0039.jpg 1 20 46 39 39
0043_0018_0044_0031_0031.jpg 1 18 44 31 31
0044_0023_0011_0037_0037.jpg 1 23 11 37 37
0045_0040_0033_0043_0043.jpg 1 40 33 43 43
0046_0053_0046_0036_0036.jpg 1 53 46 36 36
0047_0056_0032_0031_0031.jpg 1 56 32 31 31
0048_0022_0039_0051_0051.jpg 1 22 39 51 51
0049_0028_0005_0066_0066.jpg 1 28 5 66 66
0050_0042_0033_0050_0050.jpg 1 42 33 50 50
0051_0020_0040_0051_0051.jpg 1 20 40 51 51
0052_0035_0055_0036_0036.jpg 1 35 55 36 36
0053_0009_0028_0061_0061.jpg 1 9 28 61 61
0054_0015_0018_0032_0032.jpg 1 15 18 32 32
0055_0032_0007_0044_0044.jpg 1 32 7 44 44
0056_0026_0009_0067_0067.jpg 1 26 9 67 67
0057_0011_0024_0056_0056.jpg 1 11 24 56 56
0058_0043_0045_0045_0045.jpg 1 43 45 45 45
0059_0039_0037_0051_0051.jpg 1 39 37 51 51
0060_0031_0030_0059_0059.jpg 1 31 30 59 59
0061_0039_0016_0032_0032.jpg 1 39 16 32 32
0062_0010_0019_0068_0068.jpg 1 10 19 68 68
0063_0005_0030_0062_0062.jpg 1 5 30 62 62
0064_0023_0028_0051_0051.jpg 1 23 28 51 51
0065_0018_0022_0049_0049.jpg 1 18 22 49 49
0066_0028_0020_0065_0065.jpg 1 28 20 65 65
0067_0020_0007_0048_0048.jpg 1 20 7 48 48
0068_0042_0042_0029_0029.jpg 1 42 42 29 29
0069_0046_0025_0026_0026.jpg 1 46 25 26 26
0070_0041_0022_0034_0034.jpg 1 41 22 34 34
0071_0033_0018_0025_0025.jpg 1 33 18 25 25
0072_0020_0012_0066_0066.jpg 1 20 12 66 66
0073_0032_0007_0053_0053.jpg 1 32 7 53 53
0074_0021_0017_0058_0058.jpg 1 21 17 58 58
0075_0036_0037_0050_0050.jpg 1 36 37 50 50
0076_0048_0014_0033_0033.jpg 1 48 14 33 33
0077_0005_0018_0057_0057.jpg 1 5 18 57 57
0078_0019_0046_0047_0047.jpg 1 19 46 47 47
0079_0015_0035_0045_0045.jpg 1 15 35 45 45
0080_0017_0023_0038_0038.jpg 1 17 23 38 38
0081_0045_0007_0044_0044.jpg 1 45 7 44 44
0082_0042_0025_0027_0027.jpg 1 42 25 27 27
0083_0022_0024_0056_0056.jpg 1 22 24 56 56
0084_0024_0011_0061_0061.jpg 1 24 11 61 61
0085_0030_0041_0035_0035.jpg 1 30 41 35 35
0086_0020_0023_0033_0033.jpg 1 20 23 33 33
0087_0020_0017_0058_0058.jpg 1 20 17 58 58
0088_0008_0016_0047_0047.jpg 1 8 16 47 47
0089_0009_0026_0045_0045.jpg 1 9 26 45 45
0090_0032_0035_0058_0058.jpg 1 32 35 58 58
0091_0013_0019_0029_0029.jpg 1 13 19 29 29
0092_0016_0020_0047_0047.jpg 1 16 20 47 47
0093_0018_0015_0069_0069.jpg 1 18 15 69 69
0094_0051_0017_0035_0035.jpg 1 51 17 35 35
0095_0024_0035_0054_0054.jpg 1 24 35 54 54
0096_0043_0034_0040_0040.jpg 1 43 34 40 40
0097_0028_0011_0052_0052.jpg 1 28 11 52 52
0098_0052_0050_0037_0037.jpg 1 52 50 37 37
0099_0014_0059_0027_0027.jpg 1 14 59 27 27
0100_0038_0031_0053_0053.jpg 1 38 31 53 53
0101_0010_0013_0038_0038.jpg 1 10 13 38 38
0102_0031_0038_0044_0044.jpg 1 31 38 44 44
0103_0005_0043_0050_0050.jpg 1 5 43 50 50
0104_0022_0009_0068_0068.jpg 1 22 9 68 68
0105_0017_0034_0061_0061.jpg 1 17 34 61 61
0106_0036_0012_0039_0039.jpg 1 36 12 39 39
0107_0042_0027_0039_0039.jpg 1 42 27 39 39
0108_0007_0040_0050_0050.jpg 1 7 40 50 50
0109_0035_0012_0052_0052.jpg 1 35 12 52 52
0110_0057_0037_0034_0034.jpg 1 57 37 34 34
0111_0024_0013_0031_0031.jpg 1 24 13 31 31
0112_0022_0032_0055_0055.jpg 1 22 32 55 55
0113_0036_0029_0058_0058.jpg 1 36 29 58 58
0114_0031_0024_0054_0054.jpg 1 31 24 54 54
0115_0008_0018_0044_0044.jpg 1 8 18 44 44
0116_0030_0020_0049_0049.jpg 1 30 20 49 49
0117_0051_0010_0035_0035.jpg 1 51 10 35 35
0118_0015_0020_0068_0068.jpg 1 15 20 68 68
0119_0030_0016_0056_0056.jpg 1 30 16 56 56
0120_0039_0018_0045_0045.jpg 1 39 18 45 45
0121_0019_0021_0058_0058.jpg 1 19 21 58 58
0122_0009_0008_0032_0032.jpg 1 9 8 32 32
0123_0030_0026_0037_0037.jpg 1 30 26 37 37
0124_0030_0037_0032_0032.jpg 1 30 37 32 32
0125_0027_0010_0034_0034.jpg 1 27 10 34 34
0126_0030_0016_0027_0027.jpg 1 30 16 27 27
0127_0052_0058_0030_0030.jpg 1 52 58 30 30
0128_0046_0043_0046_0046.jpg 1 46 43 46 46
0129_0021_0022_0043_0043.jpg 1 21 22 43 43
0130_0022_0006_0066_0066.jpg 1 22 6 66 66
0131_0014_0015_0067_0067.jpg 1 14 15 67 67
0132_0011_0024_0068_0068.jpg 1 11 24 68 68
0133_0060_0011_0032_0032.jpg 1 60 11 32 32
0134_0039_0021_0045_0045.jpg 1 39 21 45 45
0135_0014_0032_0047_0047.jpg 1 14 32 47 47
0136_0026_0032_0055_0055.jpg 1 26 32 55 55
0137_0025_0011_0037_0037.jpg 1 25 11 37 37
0138_0031_0011_0031_0031.jpg 1 31 11 31 31
0139_0021_0036_0048_0048.jpg 1 21 36 48 48
0140_0006_0026_0047_0047.jpg 1 6 26 47 47
0141_0022_0008_0027_0027.jpg 1 22 8 27 27
0142_0020_0005_0055_0055.jpg 1 20 5 55 55
0143_0020_0046_0048_0048.jpg 1 20 46 48 48
0144_0008_0059_0025_0025.jpg 1 8 59 25 25
0145_0018_0012_0051_0051.jpg 1 18 12 51 51
0146_0024_0009_0048_0048.jpg 1 24 9 48 48
0147_0050_0017_0034_0034.jpg 1 50 17 34 34
0148_0045_0010_0026_0026.jpg 1 45 10 26 26
0149_0017_0043_0051_0051.jpg 1 17 43 51 51
0150_0036_0035_0056_0056.jpg 1 36 35 56 56
0151_0018_0026_0069_0069.jpg 1 18 26 69 69
0152_0023_0008_0033_0033.jpg 1 23 8 33 33
0153_0011_0022_0061_0061.jpg 1 11 22 61 61
0154_0063_0015_0028_0028.jpg 1 63 15 28 28
0155_0058_0027_0028_0028.jpg 1 58 27 28 28
0156_0050_0062_0025_0025.jpg 1 50 62 25 25
0157_0061_0027_0026_0026.jpg 1 61 27 26 26
0158_0021_0034_0059_0059.jpg 1 21 34 59 59
0159_0021_0019_0059_0059.jpg 1 21 19 59 59
0160_0022_0049_0038_0038.jpg 1 22 49 38 38
0161_0010_0027_0055_0055.jpg 1 10 27 55 55
0162_0032_0023_0050_0050.jpg 1 32 23 50 50
0163_0025_0032_0040_0040.jpg 1 25 32 40 40
0164_0026_0009_0046_0046.jpg 1 26 9 46 46
0165_0038_0007_0036_0036.jpg 1 38 7 36 36
0166_0008_0003_0063_0063.jpg 1 8 3 63 63
0167_0034_0052_0029_0029.jpg 1 34 52 29 29
0168_0029_0046_0043_0043.jpg 1 29 46 43 43
0169_0030_0013_0054_0054.jpg 1 30 13 54 54
0170_0042_0047_0025_0025.jpg 1 42 47 25 25
0171_0046_0039_0031_0031.jpg 1 46 39 31 31
0172_0035_0013_0027_0027.jpg 1 35 13 27 27
0173_0026_0050_0025_0025.jpg 1 26 50 25 25
0174_0030_0048_0029_0029.jpg 1 30 48 29 29
0175_0014_0035_0040_0040.jpg 1 14 35 40 40
0176_0031_0054_0036_0036.jpg 1 31 54 36 36
0177_0005_0031_0046_0046.jpg 1 5 31 46 46
0178_0019_0046_0037_0037.jpg 1 19 46 37 37
0179_0028_0031_0054_0054.jpg 1 28 31 54 54
0180_0021_0030_0056_0056.jpg 1 21 30 56 56
0181_0019_0007_0062_0062.jpg 1 19 7 62 62
0182_0013_0018_0060_0060.jpg 1 13 18 60 60
0183_0008_0056_0026_0026.jpg 1 8 56 26 26
0184_0058_0026_0025_0025.jpg 1 58 26 25 25
0185_0008_0028_0062_0062.jpg 1 8 28 62 62
0186_0035_0045_0035_0035.jpg 1 35 45 35 35
0187_0039_0018_0034_0034.jpg 1 39 18 34 34
0188_0020_0012_0062_0062.jpg 1 20 12 62 62
0189_0029_0039_0044_0044.jpg 1 29 39 44 44
0190_0008_0013_0062_0062.jpg 1 8 13 62 62
0191_0044_0030_0027_0027.jpg 1 44 30 27 27
0192_0054_0007_0038_0038.jpg 1 54 7 38 38
0193_0033_0044_0038_0038.jpg 1 33 44 38 38
0194_0048_0014_0039_0039.jpg 1 48 14 39 39
0195_0014_0015_0068_0068.jpg 1 14 15 68 68
0196_0038_0016_0036_0036.jpg 1 38 16 36 36
0197_0039_0007_0025_0025.jpg 1 39 7 25 25
0198_0021_0023_0065_0065.jpg 1 21 23 65 65
0199_0041_0005_0051_0051.jpg 1 41 5 51 51
0200_0013_0019_0065_0065.jpg 1 13 19 65 65
0201_0020_0032_0062_0062.jpg 1 20 32 62 62
0202_0043_0054_0035_0035.jpg 1 43 54 35 35
0203_0020_0032_0041_0041.jpg 1 20 32 41 41
0204_0028_0035_0045_0045.jpg 1 28 35 45 45
0205_0028_0053_0034_0034.jpg 1 28 53 34 34
0206_0024_0032_0059_0059.jpg 1 24 32 59 59
0207_0020_0017_0046_0046.jpg 1 20 17 46 46
0208_0022_0008_0049_0049.jpg 1 22 8 49 49
0209_0014_0026_0038_0038.jpg 1 14 26 38 38
0210_0010_0010_0066_0066.jpg 1 10 10 66 66
0211_0016_0027_0064_0064.jpg 1 16 27 64 64
0212_0025_0017_0044_0044.jpg 1 25 17 44 44
0213_0012_0031_0043_0043.jpg 1 12 31 43 43
0214_0009_0030_0047_0047.jpg 1 9 30 47 47
0215_0014_0017_0054_0054.jpg 1 14 17 54 54
0216_0020_0019_0065_0065.jpg 1 20 19 65 65
0217_0008_0061_0027_0027.jpg 1 8 61 27 27
0218_0037_0025_0049_0049.jpg 1 37 25 49 49
0219_0058_0041_0030_0030.jpg 1 58 41 30 30
0220_0051_0043_0033_0033.jpg 1 51 43 33 33
0221_0016_0028_0033_0033.jpg 1 16 28 33 33
0222_0012_0012_0065_0065.jpg 1 12 12 65 65
0223_0024_0014_0043_0043.jpg 1 24 14 43 43
0224_0005_0035_0051_0051.jpg 1 5 35 51 51
0225_0018_0023_0064_0064.jpg 1 18 23 64 64
0226_0014_0025_0064_0064.jpg 1 14 25 64 64
0227_0034_0019_0048_0048.jpg 1 34 19 48 48
0228_0005_0039_0053_0053.jpg 1 5 39 53 53
0229_0007_0031_0048_0048.jpg 1 7 31 48 48
0230_0039_0025_0056_0056.jpg 1 39 25 56 56
0231_0043_0050_0035_0035.jpg 1 43 50 35 35
0232_0020_0014_0066_0066.jpg 1 20 14 66 66
0233_0007_0017_0060_0060.jpg 1 7 17 60 60
0234_0055_0048_0027_0027.jpg 1 55 48 27 27
0235_0037_0048_0041_0041.jpg 1 37 48 41 41
0236_0019_0011_0067_0067.jpg 1 19 11 67 67
0237_0030_0022_0043_0043.jpg 1 30 22 43 43
0238_0035_0032_0025_0025.jpg 1 35 32 25 25
0239_0040_0013_0041_0041.jpg 1 40 13 41 41
0240_0039_0013_0032_0032.jpg 1 39 13 32 32
0241_0022_0034_0039_0039.jpg 1 22 34 39 39
0242_0018_0006_0060_0060.jpg 1 18 6 60 60
0243_0010_0015_0046_0046.jpg 1 10 15 46 46
0244_0011_0005_0066_0066.jpg 1 11 5 66 66
0245_0034_0044_0050_0050.jpg 1 34 44 50 50
0246_0013_0003_0067_0067.jpg 1 13 3 67 67
0247_0040_0049_0036_0036.jpg 1 40 49 36 36
0248_0032_0010_0046_0046.jpg 1 32 10 46 46
0249_0026_0020_0057_0057.jpg 1 26 20 57 57
0250_0029_0027_0057_0057.jpg 1 29 27 57 57
0251_0014_0014_0051_0051.jpg 1 14 14 51 51
0252_0032_0007_0045_0045.jpg 1 32 7 45 45
0253_0015_0020_0043_0043.jpg 1 15 20 43 43
0254_0004_0004_0062_0062.jpg 1 4 4 62 62
0255_0008_0031_0055_0055.jpg 1 8 31 55 55
0256_0028_0010_0048_0048.jpg 1 28 10 48 48
0257_0027_0017_0036_0036.jpg 1 27 17 36 36
0258_0043_0030_0041_0041.jpg 1 43 30 41 41
0259_0013_0047_0025_0025.jpg 1 13 47 25 25
0260_0035_0032_0055_0055.jpg 1 35 32 55 55
0261_0037_0041_0040_0040.jpg 1 37 41 40 40
0262_0003_0026_0068_0068.jpg 1 3 26 68 68
0263_0028_0034_0043_0043.jpg 1 28 34 43 43
0264_0004_0004_0060_0060.jpg 1 4 4 60 60
0265_0041_0018_0053_0053.jpg 1 41 18 53 53
0266_0029_0005_0058_0058.jpg 1 29 5 58 58
0267_0019_0014_0065_0065.jpg 1 19 14 65 65
0268_0021_0003_0064_0064.jpg 1 21 3 64 64
0269_0031_0047_0047_0047.jpg 1 31 47 47 47
0270_0015_0010_0049_0049.jpg 1 15 10 49 49
0271_0036_0044_0044_0044.jpg 1 36 44 44 44
0272_0034_0016_0048_0048.jpg 1 34 16 48 48
0273_0031_0035_0056_0056.jpg 1 31 35 56 56
0274_0009_0021_0059_0059.jpg 1 9 21 59 59
0275_0025_0016_0037_0037.jpg 1 25 16 37 37
0276_0029_0007_0055_0055.jpg 1 29 7 55 55
0277_0005_0015_0069_0069.jpg 1 5 15 69 69
0278_0044_0007_0039_0039.jpg 1 44 7 39 39
0279_0019_0049_0032_0032.jpg 1 19 49 32 32
0280_0030_0034_0030_0030.jpg 1 30 34 30 30
0281_0023_0036_0038_0038.jpg 1 23 36 38 38
0282_0048_0020_0038_0038.jpg 1 48 20 38 38
0283_0040_0016_0042_0042.jpg 1 40 16 42 42
0284_0028_0012_0042_0042.jpg 1 28 12 42 42
0285_0047_0032_0029_0029.jpg 1 47 32 29 29
0286_0024_0059_0027_0027.jpg 1 24 59 27 27
0287_0020_0042_0046_0046.jpg 1 20 42 46 46
0288_0037_0019_0035_0035.jpg 1 37 19 35 35
0289_0012_0020_0066_0066.jpg 1 12 20 66 66
0290_0027_0031_0030_0030.jpg 1 27 31 30 30
0291_0020_0026_0065_0065.jpg 1 20 26 65 65
0292_0026_0006_0062_0062.jpg 1 26 6 62 62
0293_0029_0021_0051_0051.jpg 1 29 21 51 51
0294_0032_0021_0029_0029.jpg 1 32 21 29 29
0295_0050_0007_0036_0036.jpg 1 50 7 36 36
0296_0023_0027_0056_0056.jpg 1 23 27 56 56
0297_0047_0030_0025_0025.jpg 1 47 30 25 25
0298_0049_0052_0036_0036.jpg 1 49 52 36 36
0299_0009_0008_0065_0065.jpg 1 9 8 65 65
0300_0024_0043_0037_0037.jpg 1 24 43 37 37
0301_0042_0040_0040_0040.jpg 1 42 40 40 40
0302_0015_0046_0029_0029.jpg 1 15 46 29 29
0303_0008_0029_0060_0060.jpg 1 8 29 60 60
0304_0010_0005_0065_0065.jpg 1 10 5 65 65
0305_0041_0050_0041_0041.jpg 1 41 50 41 41
0306_0035_0037_0056_0056.jpg 1 35 37 56 56
0307_0024_0031_0062_0062.jpg 1 24 31 62 62
0308_0025_0029_0053_0053.jpg 1 25 29 53 53
0309_0014_0022_0049_0049.jpg 1 14 22 49 49
0310_0038_0045_0045_0045.jpg 1 38 45 45 45
0311_0035_0034_0049_0049.jpg 1 35 34 49 49
0312_0004_0018_0057_0057.jpg 1 4 18 57 57
0313_0016_0028_0063_0063.jpg 1 16 28 63 63
0314_0006_0009_0057_0057.jpg 1 6 9 57 57
0315_0044_0045_0040_0040.jpg 1 44 45 40 40
0316_0035_0031_0051_0051.jpg 1 35 31 51 51
0317_0025_0022_0065_0065.jpg 1 25 22 65 65
0318_0033_0020_0049_0049.jpg 1 33 20 49 49
0319_0019_0034_0027_0027.jpg 1 19 34 27 27
0320_0036_0022_0045_0045.jpg 1 36 22 45 45
0321_0026_0026_0049_0049.jpg 1 26 26 49 49
0322_0064_0038_0028_0028.jpg 1 64 38 28 28
0323_0010_0024_0030_0030.jpg 1 10 24 30 30
0324_0028_0032_0042_0042.jpg 1 28 32 42 42
0325_0016_0024_0054_0054.jpg 1 16 24 54 54
0326_0025_0037_0057_0057.jpg 1 25 37 57 57
0327_0022_0029_0067_0067.jpg 1 22 29 67 67
0328_0026_0004_0062_0062.jpg 1 26 4 62 62
0329_0030_0012_0032_0032.jpg 1 30 12 32 32
0330_0036_0017_0053_0053.jpg 1 36 17 53 53
0331_0014_0046_0046_0046.jpg 1 14 46 46 46
0332_0021_0044_0036_0036.jpg 1 21 44 36 36
0333_0038_0046_0025_0025.jpg 1 38 46 25 25
0334_0022_0017_0059_0059.jpg 1 22 17 59 59
0335_0060_0022_0032_0032.jpg 1 60 22 32 32
0336_0014_0036_0053_0053.jpg 1 14 36 53 53
0337_0028_0031_0040_0040.jpg 1 28 31 40 40
0338_0029_0008_0060_0060.jpg 1 29 8 60 60
0339_0017_0019_0036_0036.jpg 1 17 19 36 36
0340_0024_0021_0024_0024.jpg 1 24 21 24 24
0341_0012_0014_0049_0049.jpg 1 12 14 49 49
0342_0029_0036_0032_0032.jpg 1 29 36 32 32
0343_0034_0029_0056_0056.jpg 1 34 29 56 56
0344_0030_0025_0037_0037.jpg 1 30 25 37 37
0345_0034_0005_0056_0056.jpg 1 34 5 56 56
0346_0033_0039_0042_0042.jpg 1 33 39 42 42
0347_0024_0031_0064_0064.jpg 1 24 31 64 64
0348_0028_0026_0066_0066.jpg 1 28 26 66 66
0349_0050_0055_0034_0034.jpg 1 50 55 34 34
0350_0023_0040_0028_0028.jpg 1 23 40 28 28
0351_0039_0039_0051_0051.jpg 1 39 39 51 51
0352_0041_0026_0035_0035.jpg 1 41 26 35 35
0353_0005_0048_0044_0044.jpg 1 5 48 44 44
0354_0013_0014_0029_0029.jpg 1 13 14 29 29
0355_0037_0026_0048_0048.jpg 1 37 26 48 48
0356_0015_0008_0031_0031.jpg 1 15 8 31 31
0357_0015_0017_0048_0048.jpg 1 15 17 48 48
0358_0028_0017_0040_0040.jpg 1 28 17 40 40
0359_0008_0038_0049_0049.jpg 1 8 38 49 49
0360_0037_0042_0052_0052.jpg 1 37 42 52 52
0361_0010_0026_0024_0024.jpg 1 10 26 24 24
0362_0024_0043_0027_0027.jpg 1 24 43 27 27
0363_0021_0043_0049_0049.jpg 1 21 43 49 49
0364_0019_0024_0067_0067.jpg 1 19 24 67 67
0365_0031_0034_0042_0042.jpg 1 31 34 42 42
0366_0009_0009_0058_0058.jpg 1 9 9 58 58
0367_0054_0029_0035_0035.jpg 1 54 29 35 35
0368_0052_0037_0037_0037.jpg 1 52 37 37 37
0369_0008_0023_0031_0031.jpg 1 8 23 31 31
0370_0016_0028_0041_0041.jpg 1 16 28 41 41
0371_0039_0037_0045_0045.jpg 1 39 37 45 45
0372_0010_0016_0069_0069.jpg 1 10 16 69 69
0373_0016_0005_0068_0068.jpg 1 16 5 68 68
0374_0024_0054_0037_0037.jpg 1 24 54 37 37
0375_0021_0053_0026_0026.jpg 1 21 53 26 26
0376_0036_0007_0041_0041.jpg 1 36 7 41 41
0377_0034_0027_0031_0031.jpg 1 34 27 31 31
0378_0040_0022_0026_0026.jpg 1 40 22 26 26
0379_0048_0014_0037_0037.jpg 1 48 14 37 37
0380_0012_0017_0031_0031.jpg 1 12 17 31 31
0381_0058_0041_0032_0032.jpg 1 58 41 32 32
0382_0012_0014_0066_0066.jpg 1 12 14 66 66
0383_0031_0042_0051_0051.jpg 1 31 42 51 51
0384_0027_0012_0067_0067.jpg 1 27 12 67 67
0385_0026_0042_0043_0043.jpg 1 26 42 43 43
0386_0038_0032_0056_0056.jpg 1 38 32 56 56
0387_0041_0045_0031_0031.jpg 1 41 45 31 31
0388_0006_0038_0048_0048.jpg 1 6 38 48 48
0389_0020_0008_0050_0050.jpg 1 20 8 50 50
0390_0011_0045_0041_0041.jpg 1 11 45 41 41
0391_0032_0038_0039_0039.jpg 1 32 38 39 39
0392_0008_0024_0027_0027.jpg 1 8 24 27 27
0393_0029_0040_0047_0047.jpg 1 29 40 47 47
0394_0032_0014_0058_0058.jpg 1 32 14 58 58
0395_0017_0003_0066_0066.jpg 1 17 3 66 66
0396_0026_0016_0030_0030.jpg 1 26 16 30 30
0397_0005_0003_0068_0068.jpg 1 5 3 68 68
0398_0009_0012_0033_0033.jpg 1 9 12 33 33
0399_0010_0032_0060_0060.jpg 1 10 32 60 60
0400_0025_0029_0062_0062.jpg 1 25 29 62 62
0401_0029_0034_0059_0059.jpg 1 29 34 59 59
0402_0005_0017_0065_0065.jpg 1 5 17 65 65
0403_0017_0005_0068_0068.jpg 1 17 5 68 68
0404_0018_0014_0048_0048.jpg 1 18 14 48 48
0405_0020_0021_0054_0054.jpg 1 20 21 54 54
0406_0006_0010_0053_0053.jpg 1 6 10 53 53
0407_0025_0015_0043_0043.jpg 1 25 15 43 43
0408_0048_0059_0029_0029.jpg 1 48 59 29 29
0409_0015_0006_0066_0066.jpg 1 15 6 66 66
0410_0058_0008_0030_0030.jpg 1 58 8 30 30
0411_0016_0019_0045_0045.jpg 1 16 19 45 45
0412_0030_0030_0063_0063.jpg 1 30 30 63 63
0413_0055_0044_0038_0038.jpg 1 55 44 38 38
0414_0014_0019_0050_0050.jpg 1 14 19 50 50
0415_0024_0012_0032_0032.jpg 1 24 12 32 32
0416_0030_0039_0036_0036.jpg 1 30 39 36 36
0417_0009_0017_0060_0060.jpg 1 9 17 60 60
0418_0028_0014_0049_0049.jpg 1 28 14 49 49
0419_0027_0052_0030_0030.jpg 1 27 52 30 30
0420_0009_0006_0069_0069.jpg 1 9 6 69 69
0421_0014_0007_0062_0062.jpg 1 14 7 62 62
0422_0036_0034_0058_0058.jpg 1 36 34 58 58
0423_0032_0020_0050_0050.jpg 1 32 20 50 50
0424_0014_0030_0044_0044.jpg 1 14 30 44 44
0425_0014_0012_0052_0052.jpg 1 14 12 52 52
0426_0005_0020_0067_0067.jpg 1 5 20 67 67
0427_0004_0015_0059_0059.jpg 1 4 15 59 59
0428_0015_0028_0062_0062.jpg 1 15 28 62 62
0429_0016_0026_0046_0046.jpg 1 16 26 46 46
0430_0038_0011_0043_0043.jpg 1 38 11 43 43
0431_0035_0048_0024_0024.jpg 1 35 48 24 24
0432_0017_0015_0046_0046.jpg 1 17 15 46 46
0433_0029_0025_0051_0051.jpg 1 29 25 51 51
0434_0015_0021_0065_0065.jpg 1 15 21 65 65
0435_0011_0005_0044_0044.jpg 1 11 5 44 44
0436_0016_0043_0050_0050.jpg 1 16 43 50 50
0437_0033_0042_0047_0047.jpg 1 33 42 47 47
0438_0021_0029_0033_0033.jpg 1 21 29 33 33
0439_0016_0022_0068_0068.jpg 1 16 22 68 68
0440_0036_0038_0048_0048.jpg 1 36 38 48 48
0441_0027_0015_0024_0024.jpg 1 27 15 24 24
0442_0022_0007_0058_0058.jpg 1 22 7 58 58
0443_0007_0028_0059_0059.jpg 1 7 28 59 59
0444_0020_0015_0047_0047.jpg 1 20 15 47 47
0445_0036_0029_0048_0048.jpg 1 36 29 48 48
0446_0010_0031_0049_0049.jpg 1 10 31 49 49
0447_0013_0019_0044_0044.jpg 1 13 19 44 44
0448_0042_0014_0029_0029.jpg 1 42 14 29 29
0449_0060_0020_0025_0025.jpg 1 60 20 25 25
0450_0019_0024_0060_0060.jpg 1 19 24 60 60
0451_0022_0021_0028_0028.jpg 1 22 21 28 28
0452_0045_0007_0025_0025.jpg 1 45 7 25 25
0453_0020_0056_0035_0035.jpg 1 20 56 35 35
0454_0012_0038_0042_0042.jpg 1 12 38 42 42
0455_0055_0041_0028_0028.jpg 1 55 41 28 28
0456_0033_0030_0038_0038.jpg 1 33 30 38 38
0457_0065_0063_0025_0025.jpg 1 65 63 25 25
0458_0021_0024_0025_0025.jpg 1 21 24 25 25
0459_0011_0024_0065_0065.jpg 1 11 24 65 65
0460_0008_0041_0053_0053.jpg 1 8 41 53 53
0461_0027_0024_0058_0058.jpg 1 27 24 58 58
0462_0057_0013_0032_0032.jpg 1 57 13 32 32
0463_0020_0024_0066_0066.jpg 1 20 24 66 66
0464_0033_0041_0031_0031.jpg 1 33 41 31 31
0465_0008_0007_0068_0068.jpg 1 8 7 68 68
0466_0046_0056_0033_0033.jpg 1 46 56 33 33
0467_0017_0033_0036_0036.jpg 1 17 33 36 36
0468_0017_0017_0059_0059.jpg 1 17 17 59 59
0469_0008_0011_0064_0064.jpg 1 8 11 64 64
0470_0021_0003_0065_0065.jpg 1 21 3 65 65
0471_0009_0021_0059_0059.jpg 1 9 21 59 59
0472_0011_0014_0043_0043.jpg 1 11 14 43 43
0473_0032_0026_0054_0054.jpg 1 32 26 54 54
0474_0007_0019_0068_0068.jpg 1 7 19 68 68
0475_0011_0053_0037_0037.jpg 1 11 53 37 37
0476_0049_0023_0027_0027.jpg 1 49 23 27 27
0477_0055_0025_0026_0026.jpg 1 55 25 26 26
0478_0030_0039_0051_0051.jpg 1 30 39 51 51
0479_0032_0007_0036_0036.jpg 1 32 7 36 36
0480_0017_0031_0063_0063.jpg 1 17 31 63 63
0481_0030_0008_0063_0063.jpg 1 30 8 63 63
0482_0030_0051_0041_0041.jpg 1 30 51 41 41
0483_0026_0004_0065_0065.jpg 1 26 4 65 65
0484_0025_0019_0057_0057.jpg 1 25 19 57 57
0485_0016_0032_0043_0043.jpg 1 16 32 43 43
0486_0007_0009_0027_0027.jpg 1 7 9 27 27
0487_0014_0017_0065_0065.jpg 1 14 17 65 65
0488_0010_0044_0047_0047.jpg 1 10 44 47 47
0489_0026_0024_0034_0034.jpg 1 26 24 34 34
0490_0036_0006_0045_0045.jpg 1 36 6 45 45
0491_0011_0035_0043_0043.jpg 1 11 35 43 43
0492_0022_0007_0043_0043.jpg 1 22 7 43 43
0493_0042_0032_0050_0050.jpg 1 42 32 50 50
0494_0010_0019_0064_0064.jpg 1 10 19 64 64
0495_0022_0027_0029_0029.jpg 1 22 27 29 29
0496_0020_0015_0055_0055.jpg 1 20 15 55 55
0497_0053_0030_0033_0033.jpg 1 53 30 33 33
0498_0013_0028_0044_0044.jpg 1 13 28 44 44
0499_0041_0034_0053_0053.jpg 1 41 34 53 53
0500_0034_0043_0047_0047.jpg 1 34 43 47 47
0501_0035_0043_0049_0049.jpg 1 35 43 49 49
0502_0040_0050_0034_0034.jpg 1 40 50 34 34
0503_0038_0021_0051_0051.jpg 1 38 21 51 51
0504_0015_0039_0024_0024.jpg 1 15 39 24 24
0505_0031_0015_0040_0040.jpg 1 31 15 40 40
0506_0011_0023_0062_0062.jpg 1 11 23 62 62
0507_0032_0008_0063_0063.jpg 1 32 8 63 63
0508_0037_0027_0052_0052.jpg 1 37 27 52 52
0509_0004_0013_0058_0058.jpg 1 4 13 58 58
0510_0050_0050_0043_0043.jpg 1 50 50 43 43
0511_0015_0011_0032_0032.jpg 1 15 11 32 32
0512_0038_0038_0054_0054.jpg 1 38 38 54 54
0513_0009_0019_0069_0069.jpg 1 9 19 69 69
0514_0032_0029_0059_0059.jpg 1 32 29 59 59
0515_0008_0028_0054_0054.jpg 1 8 28 54 54
0516_0014_0016_0065_0065.jpg 1 14 16 65 65
0517_0022_0009_0035_0035.jpg 1 22 9 35 35
0518_0013_0042_0034_0034.jpg 1 13 42 34 34
0519_0009_0026_0061_0061.jpg 1 9 26 61 61
0520_0008_0007_0050_0050.jpg 1 8 7 50 50
0521_0053_0043_0032_0032.jpg 1 53 43 32 32
0522_0048_0028_0036_0036.jpg 1 48 28 36 36
0523_0019_0016_0067_0067.jpg 1 19 16 67 67
0524_0024_0020_0063_0063.jpg 1 24 20 63 63
0525_0023_0012_0045_0045.jpg 1 23 12 45 45
0526_0052_0013_0037_0037.jpg 1 52 13 37 37
0527_0020_0034_0053_0053.jpg 1 20 34 53 53
0528_0015_0006_0037_0037.jpg 1 15 6 37 37
0529_0018_0026_0038_0038.jpg 1 18 26 38 38
0530_0024_0018_0028_0028.jpg 1 24 18 28 28
0531_0016_0026_0049_0049.jpg 1 16 26 49 49
0532_0023_0023_0060_0060.jpg 1 23 23 60 60
0533_0017_0027_0061_0061.jpg 1 17 27 61 61
0534_0016_0042_0045_0045.jpg 1 16 42 45 45
0535_0035_0041_0035_0035.jpg 1 35 41 35 35
0536_0043_0013_0030_0030.jpg 1 43 13 30 30
0537_0023_0008_0036_0036.jpg 1 23 8 36 36
0538_0010_0037_0057_0057.jpg 1 10 37 57 57
0539_0032_0031_0039_0039.jpg 1 32 31 39 39
0540_0009_0026_0031_0031.jpg 1 9 26 31 31
0541_0024_0017_0067_0067.jpg 1 24 17 67 67
0542_0006_0021_0046_0046.jpg 1 6 21 46 46
0543_0030_0026_0061_0061.jpg 1 30 26 61 61
0544_0029_0035_0040_0040.jpg 1 29 35 40 40
0545_0011_0060_0027_0027.jpg 1 11 60 27 27
0546_0007_0035_0059_0059.jpg 1 7 35 59 59
0547_0010_0035_0044_0044.jpg 1 10 35 44 44
0548_0005_0011_0056_0056.jpg 1 5 11 56 56
0549_0024_0032_0032_0032.jpg 1 24 32 32 32
0550_0026_0009_0051_0051.jpg 1 26 9 51 51
0551_0015_0005_0069_0069.jpg 1 15 5 69 69
0552_0019_0013_0058_0058.jpg 1 19 13 58 58
0553_0008_0026_0065_0065.jpg 1 8 26 65 65
0554_0016_0033_0056_0056.jpg 1 16 33 56 56
0555_0057_0034_0033_0033.jpg 1 57 34 33 33
0556_0005_0023_0056_0056.jpg 1 5 23 56 56
0557_0014_0019_0067_0067.jpg 1 14 19 67 67
0558_0005_0025_0067_0067.jpg 1 5 25 67 67
0559_0024_0015_0051_0051.jpg 1 24 15 51 51
0560_0017_0024_0057_0057.jpg 1 17 24 57 57
0561_0020_0026_0067_0067.jpg 1 20 26 67 67
0562_0027_0011_0048_0048.jpg 1 27 11 48 48
0563_0022_0025_0029_0029.jpg 1 22 25 29 29
0564_0035_0040_0045_0045.jpg 1 35 40 45 45
0565_0006_0026_0060_0060.jpg 1 6 26 60 60
0566_0042_0007_0024_0024.jpg 1 42 7 24 24
0567_0013_0019_0047_0047.jpg 1 13 19 47 47
0568_0038_0018_0054_0054.jpg 1 38 18 54 54
0569_0029_0032_0060_0060.jpg 1 29 32 60 60
0570_0031_0028_0038_0038.jpg 1 31 28 38 38
0571_0014_0023_0066_0066.jpg 1 14 23 66 66
0572_0019_0013_0052_0052.jpg 1 19 13 52 52
0573_0004_0038_0053_0053.jpg 1 4 38 53 53
0574_0031_0041_0050_0050.jpg 1 31 41 50 50
0575_0037_0032_0024_0024.jpg 1 37 32 24 24
0576_0035_0032_0051_0051.jpg 1 35 32 51 51
0577_0066_0014_0024_0024.jpg 1 66 14 24 24
0578_0029_0022_0041_0041.jpg 1 29 22 41 41
0579_0019_0039_0055_0055.jpg 1 19 39 55 55
0580_0004_0031_0065_0065.jpg 1 4 31 65 65
0581_0014_0028_0034_0034.jpg 1 14 28 34 34
0582_0047_0040_0038_0038.jpg 1 47 40 38 38
0583_0019_0017_0029_0029.jpg 1 19 17 29 29
0584_0022_0026_0067_0067.jpg 1 22 26 67 67
0585_0023_0022_0037_0037.jpg 1 23 22 37 37
0586_0030_0017_0053_0053.jpg 1 30 17 53 53
0587_0007_0041_0030_0030.jpg 1 7 41 30 30
0588_0004_0023_0066_0066.jpg 1 4 23 66 66
0589_0041_0046_0029_0029.jpg 1 41 46 29 29
0590_0014_0032_0035_0035.jpg 1 14 32 35 35
0591_0058_0045_0031_0031.jpg 1 58 45 31 31
0592_0024_0032_0039_0039.jpg 1 24 32 39 39
0593_0050_0006_0042_0042.jpg 1 50 6 42 42
0594_0012_0024_0028_0028.jpg 1 12 24 28 28
0595_0020_0024_0062_0062.jpg 1 20 24 62 62
0596_0012_0019_0068_0068.jpg 1 12 19 68 68
0597_0007_0026_0061_0061.jpg 1 7 26 61 61
0598_0033_0043_0042_0042.jpg 1 33 43 42 42
0599_0040_0027_0033_0033.jpg 1 40 27 33 33
0600_0008_0042_0033_0033.jpg 1 8 42 33 33
0601_0003_0029_0063_0063.jpg 1 3 29 63 63
0602_0022_0050_0044_0044.jpg 1 22 50 44 44
0603_0005_0020_0053_0053.jpg 1 5 20 53 53
0604_0026_0040_0041_0041.jpg 1 26 40 41 41
0605_0016_0020_0061_0061.jpg 1 16 20 61 61
0606_0016_0043_0028_0028.jpg 1 16 43 28 28
0607_0010_0003_0068_0068.jpg 1 10 3 68 68
0608_0022_0007_0067_0067.jpg 1 22 7 67 67
0609_0033_0008_0057_0057.jpg 1 33 8 57 57
0610_0036_0029_0026_0026.jpg 1 36 29 26 26
0611_0036_0017_0053_0053.jpg 1 36 17 53 53
0612_0028_0045_0049_0049.jpg 1 28 45 49 49
0613_0035_0022_0034_0034.jpg 1 35 22 34 34
0614_0005_0008_0061_0061.jpg 1 5 8 61 61
0615_0029_0026_0058_0058.jpg 1 29 26 58 58
0616_0020_0014_0038_0038.jpg 1 20 14 38 38
0617_0018_0040_0026_0026.jpg 1 18 40 26 26
0618_0016_0015_0052_0052.jpg 1 16 15 52 52
0619_0025_0007_0041_0041.jpg 1 25 7 41 41
0620_0013_0008_0057_0057.jpg 1 13 8 57 57
0621_0006_0021_0065_0065.jpg 1 6 21 65 65
0622_0034_0032_0060_0060.jpg 1 34 32 60 60
0623_0009_0010_0038_0038.jpg 1 9 10 38 38
0624_0016_0036_0041_0041.jpg 1 16 36 41 41
0625_0044_0047_0046_0046.jpg 1 44 47 46 46
0626_0014_0057_0025_0025.jpg 1 14 57 25 25
0627_0018_0049_0028_0028.jpg 1 18 49 28 28
0628_0007_0004_0065_0065.jpg 1 7 4 65 65
0629_0024_0006_0069_0069.jpg 1 24 6 69 69
0630_0008_0026_0063_0063.jpg 1 8 26 63 63
0631_0019_0049_0025_0025.jpg 1 19 49 25 25
0632_0009_0056_0037_0037.jpg 1 9 56 37 37
0633_0024_0033_0039_0039.jpg 1 24 33 39 39
0634_0060_0023_0032_0032.jpg 1 60 23 32 32
0635_0062_0037_0028_0028.jpg 1 62 37 28 28
0636_0020_0003_0062_0062.jpg 1 20 3 62 62
0637_0043_0040_0051_0051.jpg 1 43 40 51 51
0638_0017_0032_0034_0034.jpg 1 17 32 34 34
0639_0035_0048_0025_0025.jpg 1 35 48 25 25
0640_0040_0032_0053_0053.jpg 1 40 32 53 53
0641_0030_0022_0032_0032.jpg 1 30 22 32 32
0642_0017_0044_0047_0047.jpg 1 17 44 47 47
0643_0013_0028_0055_0055.jpg 1 13 28 55 55
0644_0029_0042_0045_0045.jpg 1 29 42 45 45
0645_0048_0016_0038_0038.jpg 1 48 16 38 38
0646_0012_0030_0033_0033.jpg 1 12 30 33 33
0647_0009_0034_0047_0047.jpg 1 9 34 47 47
0648_0046_0006_0041_0041.jpg 1 46 6 41 41
0649_0014_0020_0054_0054.jpg 1 14 20 54 54
0650_0054_0013_0033_0033.jpg 1 54 13 33 33
0651_0022_0003_0065_0065.jpg 1 22 3 65 65
0652_0005_0026_0051_0051.jpg 1 5 26 51 51
0653_0021_0051_0025_0025.jpg 1 21 51 25 25
0654_0041_0023_0042_0042.jpg 1 41 23 42 42
0655_0022_0040_0045_0045.jpg 1 22 40 45 45
0656_0049_0029_0033_0033.jpg 1 49 29 33 33
0657_0016_0021_0069_0069.jpg 1 16 21 69 69
0658_0013_0015_0058_0058.jpg 1 13 15 58 58
0659_0025_0018_0055_0055.jpg 1 25 18 55 55
0660_0020_0022_0035_0035.jpg 1 20 22 35 35
0661_0039_0042_0029_0029.jpg 1 39 42 29 29
0662_0028_0037_0042_0042.jpg 1 28 37 42 42
0663_0033_0037_0049_0049.jpg 1 33 37 49 49
0664_0011_0019_0054_0054.jpg 1 11 19 54 54
0665_0010_0021_0028_0028.jpg 1 10 21 28 28
0666_0055_0054_0035_0035.jpg 1 55 54 35 35
0667_0033_0012_0046_0046.jpg 1 33 12 46 46
0668_0009_0035_0048_0048.jpg 1 9 35 48 48
0669_0039_0016_0044_0044.jpg 1 39 16 44 44
0670_0012_0027_0045_0045.jpg 1 12 27 45 45
0671_0010_0026_0058_0058.jpg 1 10 26 58 58
0672_0040_0015_0052_0052.jpg 1 40 15 52 52
0673_0043_0024_0032_0032.jpg 1 43 24 32 32
0674_0026_0014_0041_0041.jpg 1 26 14 41 41
0675_0029_0029_0064_0064.jpg 1 29 29 64 64
0676_0015_0008_0030_0030.jpg 1 15 8 30 30
0677_0045_0035_0025_0025.jpg 1 45 35 25 25
0678_0033_0019_0032_0032.jpg 1 33 19 32 32
0679_0007_0011_0055_0055.jpg 1 7 11 55 55
0680_0007_0037_0046_0046.jpg 1 7 37 46 46
0681_0006_0030_0045_0045.jpg 1 6 30 45 45
0682_0013_0017_0034_0034.jpg 1 13 17 34 34
0683_0049_0024_0041_0041.jpg 1 49 24 41 41
0684_0011_0033_0062_0062.jpg 1 11 33 62 62
0685_0010_0035_0028_0028.jpg 1 10 35 28 28
0686_0013_0023_0057_0057.jpg 1 13 23 57 57
0687_0029_0006_0037_0037.jpg 1 29 6 37 37
0688_0035_0040_0029_0029.jpg 1 35 40 29 29
0689_0040_0019_0028_0028.jpg 1 40 19 28 28
0690_0015_0011_0049_0049.jpg 1 15 11 49 49
0691_0003_0013_0068_0068.jpg 1 3 13 68 68
0692_0022_0029_0059_0059.jpg 1 22 29 59 59
0693_0026_0033_0035_0035.jpg 1 26 33 35 35
0694_0009_0022_0035_0035.jpg 1 9 22 35 35
0695_0062_0008_0029_0029.jpg 1 62 8 29 29
0696_0056_0050_0035_0035.jpg 1 56 50 35 35
0697_0017_0033_0052_0052.jpg 1 17 33 52 52
0698_0034_0021_0041_0041.jpg 1 34 21 41 41
0699_0050_0061_0029_0029.jpg 1 50 61 29 29
0700_0019_0056_0033_0033.jpg 1 19 56 33 33
0701_0031_0017_0045_0045.jpg 1 31 17 45 45
0702_0031_0034_0061_0061.jpg 1 31 34 61 61
0703_0005_0016_0064_0064.jpg 1 5 16 64 64
0704_0049_0028_0045_0045.jpg 1 49 28 45 45
0705_0026_0022_0065_0065.jpg 1 26 22 65 65
0706_0026_0026_0057_0057.jpg 1 26 26 57 57
0707_0022_0035_0057_0057.jpg 1 22 35 57 57
0708_0039_0012_0024_0024.jpg 1 39 12 24 24
0709_0061_0020_0030_0030.jpg 1 61 20 30 30
0710_0017_0052_0038_0038.jpg 1 17 52 38 38
0711_0044_0040_0040_0040.jpg 1 44 40 40 40
0712_0037_0004_0056_0056.jpg 1 37 4 56 56
0713_0045_0026_0043_0043.jpg 1 45 26 43 43
0714_0065_0036_0025_0025.jpg 1 65 36 25 25
0715_0044_0015_0035_0035.jpg 1 44 15 35 35
0716_0049_0024_0029_0029.jpg 1 49 24 29 29
0717_0054_0045_0039_0039.jpg 1 54 45 39 39
0718_0048_0010_0038_0038.jpg 1 48 10 38 38
0719_0016_0052_0030_0030.jpg 1 16 52 30 30
0720_0017_0012_0056_0056.jpg 1 17 12 56 56
0721_0011_0032_0042_0042.jpg 1 11 32 42 42
0722_0008_0048_0031_0031.jpg 1 8 48 31 31
0723_0045_0014_0025_0025.jpg 1 45 14 25 25
0724_0019_0021_0047_0047.jpg 1 19 21 47 47
0725_0022_0017_0046_0046.jpg 1 22 17 46 46
0726_0044_0013_0034_0034.jpg 1 44 13 34 34
0727_0012_0034_0061_0061.jpg 1 12 34 61 61
0728_0047_0035_0045_0045.jpg 1 47 35 45 45
0729_0019_0035_0039_0039.jpg 1 19 35 39 39
0730_0050_0041_0029_0029.jpg 1 50 41 29 29
0731_0018_0035_0048_0048.jpg 1 18 35 48 48
0732_0052_0047_0041_0041.jpg 1 52 47 41 41
0733_0033_0007_0037_0037.jpg 1 33 7 37 37
0734_0020_0015_0063_0063.jpg 1 20 15 63 63
0735_0062_0051_0027_0027.jpg 1 62 51 27 27
0736_0018_0025_0059_0059.jpg 1 18 25 59 59
0737_0040_0015_0048_0048.jpg 1 40 15 48 48
0738_0046_0030_0034_0034.jpg 1 46 30 34 34
0739_0024_0009_0047_0047.jpg 1 24 9 47 47
0740_0008_0065_0024_0024.jpg 1 8 65 24 24
0741_0028_0031_0051_0051.jpg 1 28 31 51 51
0742_0017_0054_0035_0035.jpg 1 17 54 35 35
0743_0007_0025_0059_0059.jpg 1 7 25 59 59
0744_0010_0017_0037_0037.jpg 1 10 17 37 37
0745_0047_0012_0032_0032.jpg 1 47 12 32 32
0746_0022_0046_0041_0041.jpg 1 22 46 41 41
0747_0063_0030_0029_0029.jpg 1 63 30 29 29
0748_0018_0007_0057_0057.jpg 1 18 7 57 57
0749_0017_0049_0025_0025.jpg 1 17 49 25 25
0750_0009_0067_0024_0024.jpg 1 9 67 24 24
0751_0020_0013_0043_0043.jpg 1 20 13 43 43
0752_0004_0020_0053_0053.jpg 1 4 20 53 53
0753_0017_0053_0030_0030.jpg 1 17 53 30 30
0754_0021_0039_0048_0048.jpg 1 21 39 48 48
0755_0043_0012_0049_0049.jpg 1 43 12 49 49
0756_0042_0051_0040_0040.jpg 1 42 51 40 40
0757_0024_0009_0052_0052.jpg 1 24 9 52 52
0758_0034_0036_0039_0039.jpg 1 34 36 39 39
0759_0036_0038_0025_0025.jpg 1 36 38 25 25
0760_0026_0040_0053_0053.jpg 1 26 40 53 53
0761_0005_0020_0069_0069.jpg 1 5 20 69 69
0762_0024_0016_0061_0061.jpg 1 24 16 61 61
0763_0015_0021_0066_0066.jpg 1 15 21 66 66
0764_0023_0019_0050_0050.jpg 1 23 19 50 50
0765_0009_0029_0065_0065.jpg 1 9 29 65 65
0766_0030_0035_0059_0059.jpg 1 30 35 59 59
0767_0031_0039_0054_0054.jpg 1 31 39 54 54
0768_0045_0035_0028_0028.jpg 1 45 35 28 28
0769_0035_0056_0025_0025.jpg 1 35 56 25 25
0770_0028_0008_0065_0065.jpg 1 28 8 65 65
0771_0023_0027_0053_0053.jpg 1 23 27 53 53
0772_0025_0011_0056_0056.jpg 1 25 11 56 56
0773_0041_0029_0030_0030.jpg 1 41 29 30 30
0774_0029_0017_0035_0035.jpg 1 29 17 35 35
0775_0007_0006_0040_0040.jpg 1 7 6 40 40
0776_0005_0012_0056_0056.jpg 1 5 12 56 56
0777_0008_0021_0047_0047.jpg 1 8 21 47 47
0778_0011_0024_0066_0066.jpg 1 11 24 66 66
0779_0006_0019_0036_0036.jpg 1 6 19 36 36
0780_0022_0010_0056_0056.jpg 1 22 10 56 56
0781_0015_0011_0059_0059.jpg 1 15 11 59 59
0782_0009_0010_0065_0065.jpg 1 9 10 65 65
0783_0025_0029_0051_0051.jpg 1 25 29 51 51
0784_0065_0020_0025_0025.jpg 1 65 20 25 25
0785_0006_0017_0039_0039.jpg 1 6 17 39 39
0786_0044_0043_0035_0035.jpg 1 44 43 35 35
0787_0036_0015_0028_0028.jpg 1 36 15 28 28
0788_0012_0024_0036_0036.jpg 1 12 24 36 36
0789_0023_0028_0034_0034.jpg 1 23 28 34 34
0790_0013_0037_0055_0055.jpg 1 13 37 55 55
0791_0021_0005_0059_0059.jpg 1 21 5 59 59
0792_0043_0049_0042_0042.jpg 1 43 49 42 42
0793_0050_0011_0032_0032.jpg 1 50 11 32 32
0794_0029_0040_0049_0049.jpg 1 29 40 49 49
0795_0040_0044_0031_0031.jpg 1 40 44 31 31
0796_0017_0012_0063_0063.jpg 1 17 12 63 63
0797_0045_0033_0044_0044.jpg 1 45 33 44 44
0798_0022_0012_0069_0069.jpg 1 22 12 69 69
0799_0030_0009_0033_0033.jpg 1 30 9 33 33
0800_0012_0006_0068_0068.jpg 1 12 6 68 68
0801_0030_0016_0063_0063.jpg 1 30 16 63 63
0802_0030_0049_0039_0039.jpg 1 30 49 39 39
0803_0044_0026_0040_0040.jpg 1 44 26 40 40
0804_0036_0033_0039_0039.jpg 1 36 33 39 39
0805_0056_0015_0031_0031.jpg 1 56 15 31 31
0806_0016_0038_0051_0051.jpg 1 16 38 51 51
0807_0025_0023_0053_0053.jpg 1 25 23 53 53
0808_0038_0010_0056_0056.jpg 1 38 10 56 56
0809_0010_0011_0031_0031.jpg 1 10 11 31 31
0810_0034_0036_0058_0058.jpg 1 34 36 58 58
0811_0031_0056_0029_0029.jpg 1 31 56 29 29
0812_0030_0013_0058_0058.jpg 1 30 13 58 58
0813_0063_0025_0024_0024.jpg 1 63 25 24 24
0814_0013_0015_0067_0067.jpg 1 13 15 67 67
0815_0055_0039_0030_0030.jpg 1 55 39 30 30
0816_0029_0045_0035_0035.jpg 1 29 45 35 35
0817_0020_0005_0057_0057.jpg 1 20 5 57 57
0818_0020_0008_0065_0065.jpg 1 20 8 65 65
0819_0004_0009_0065_0065.jpg 1 4 9 65 65
0820_0029_0031_0060_0060.jpg 1 29 31 60 60
0821_0014_0040_0052_0052.jpg 1 14 40 52 52
0822_0057_0006_0032_0032.jpg 1 57 6 32 32
0823_0030_0007_0046_0046.jpg 1 30 7 46 46
0824_0021_0019_0037_0037.jpg 1 21 19 37 37
0825_0018_0020_0051_0051.jpg 1 18 20 51 51
0826_0003_0008_0061_0061.jpg 1 3 8 61 61
0827_0018_0014_0064_0064.jpg 1 18 14 64 64
0828_0022_0049_0045_0045.jpg 1 22 49 45 45
0829_0010_0051_0028_0028.jpg 1 10 51 28 28
0830_0008_0004_0058_0058.jpg 1 8 4 58 58
0831_0008_0041_0043_0043.jpg 1 8 41 43 43
0832_0026_0030_0033_0033.jpg 1 26 30 33 33
0833_0036_0027_0059_0059.jpg 1 36 27 59 59
0834_0064_0025_0027_0027.jpg 1 64 25 27 27
0835_0032_0038_0056_0056.jpg 1 32 38 56 56
0836_0039_0017_0052_0052.jpg 1 39 17 52 52
0837_0015_0026_0064_0064.jpg 1 15 26 64 64
0838_0022_0013_0068_0068.jpg 1 22 13 68 68
0839_0014_0009_0056_0056.jpg 1 14 9 56 56
0840_0028_0041_0024_0024.jpg 1 28 41 24 24
0841_0062_0046_0029_0029.jpg 1 62 46 29 29
0842_0025_0048_0039_0039.jpg 1 25 48 39 39
0843_0006_0011_0052_0052.jpg 1 6 11 52 52
0844_0013_0020_0030_0030.jpg 1 13 20 30 30
0845_0018_0034_0053_0053.jpg 1 18 34 53 53
0846_0007_0035_0048_0048.jpg 1 7 35 48 48
0847_0015_0023_0063_0063.jpg 1 15 23 63 63
0848_0029_0033_0052_0052.jpg 1 29 33 52 52
0849_0020_0024_0057_0057.jpg 1 20 24 57 57
0850_0011_0008_0067_0067.jpg 1 11 8 67 67
0851_0016_0033_0039_0039.jpg 1 16 33 39 39
0852_0027_0010_0054_0054.jpg 1 27 10 54 54
0853_0048_0031_0028_0028.jpg 1 48 31 28 28
0854_0038_0033_0030_0030.jpg 1 38 33 30 30
0855_0007_0023_0043_0043.jpg 1 7 23 43 43
0856_0045_0052_0039_0039.jpg 1 45 52 39 39
0857_0021_0038_0045_0045.jpg 1 21 38 45 45
0858_0011_0018_0060_0060.jpg 1 11 18 60 60
0859_0018_0030_0059_0059.jpg 1 18 30 59 59
0860_0023_0025_0058_0058.jpg 1 23 25 58 58
0861_0036_0048_0046_0046.jpg 1 36 48 46 46
0862_0040_0009_0048_0048.jpg 1 40 9 48 48
0863_0028_0008_0057_0057.jpg 1 28 8 57 57
0864_0009_0029_0058_0058.jpg 1 9 29 58 58
0865_0041_0049_0024_0024.jpg 1 41 49 24 24
0866_0019_0032_0037_0037.jpg 1 19 32 37 37
0867_0022_0031_0030_0030.jpg 1 22 31 30 30
0868_0009_0007_0067_0067.jpg 1 9 7 67 67
0869_0032_0012_0060_0060.jpg 1 32 12 60 60
0870_0041_0059_0031_0031.jpg 1 41 59 31 31
0871_0054_0046_0035_0035.jpg 1 54 46 35 35
0872_0045_0011_0024_0024.jpg 1 45 11 24 24
0873_0034_0019_0044_0044.jpg 1 34 19 44 44
0874_0013_0026_0052_0052.jpg 1 13 26 52 52
0875_0011_0015_0054_0054.jpg 1 11 15 54 54
0876_0004_0015_0067_0067.jpg 1 4 15 67 67
0877_0011_0024_0045_0045.jpg 1 11 24 45 45
0878_0054_0020_0034_0034.jpg 1 54 20 34 34
0879_0021_0032_0061_0061.jpg 1 21 32 61 61
0880_0017_0017_0066_0066.jpg 1 17 17 66 66
0881_0012_0046_0041_0041.jpg 1 12 46 41 41
0882_0023_0035_0039_0039.jpg 1 23 35 39 39
0883_0024_0032_0037_0037.jpg 1 24 32 37 37
0884_0018_0007_0040_0040.jpg 1 18 7 40 40
0885_0051_0043_0038_0038.jpg 1 51 43 38 38
0886_0033_0012_0043_0043.jpg 1 33 12 43 43
0887_0048_0007_0032_0032.jpg 1 48 7 32 32
0888_0032_0022_0055_0055.jpg 1 32 22 55 55
0889_0036_0008_0026_0026.jpg 1 36 8 26 26
0890_0020_0015_0033_0033.jpg 1 20 15 33 33
0891_0044_0015_0043_0043.jpg 1 44 15 43 43
0892_0006_0030_0057_0057.jpg 1 6 30 57 57
0893_0023_0051_0034_0034.jpg 1 23 51 34 34
0894_0049_0052_0024_0024.jpg 1 49 52 24 24
0895_0017_0046_0048_0048.jpg 1 17 46 48 48
0896_0011_0024_0049_0049.jpg 1 11 24 49 49
0897_0024_0032_0030_0030.jpg 1 24 32 30 30
0898_0018_0038_0052_0052.jpg 1 18 38 52 52
0899_0021_0024_0031_0031.jpg 1 21 24 31 31
0900_0033_0014_0054_0054.jpg 1 33 14 54 54
0901_0061_0013_0029_0029.jpg 1 61 13 29 29
0902_0011_0011_0060_0060.jpg 1 11 11 60 60
0903_0006_0005_0062_0062.jpg 1 6 5 62 62
0904_0006_0032_0063_0063.jpg 1 6 32 63 63
0905_0027_0016_0068_0068.jpg 1 27 16 68 68
0906_0031_0024_0040_0040.jpg 1 31 24 40 40
0907_0007_0023_0060_0060.jpg 1 7 23 60 60
0908_0009_0032_0059_0059.jpg 1 9 32 59 59
0909_0027_0025_0068_0068.jpg 1 27 25 68 68
0910_0051_0043_0024_0024.jpg 1 51 43 24 24
0911_0034_0044_0048_0048.jpg 1 34 44 48 48
0912_0036_0015_0042_0042.jpg 1 36 15 42 42
0913_0040_0013_0035_0035.jpg 1 40 13 35 35
0914_0014_0025_0025_0025.jpg 1 14 25 25 25
0915_0025_0008_0062_0062.jpg 1 25 8 62 62
0916_0024_0007_0051_0051.jpg 1 24 7 51 51
0917_0024_0048_0046_0046.jpg 1 24 48 46 46
0918_0027_0015_0067_0067.jpg 1 27 15 67 67
0919_0039_0021_0037_0037.jpg 1 39 21 37 37
0920_0058_0022_0024_0024.jpg 1 58 22 24 24
0921_0038_0007_0039_0039.jpg 1 38 7 39 39
0922_0008_0030_0065_0065.jpg 1 8 30 65 65
0923_0045_0038_0034_0034.jpg 1 45 38 34 34
0924_0005_0004_0059_0059.jpg 1 5 4 59 59
0925_0009_0011_0068_0068.jpg 1 9 11 68 68
0926_0006_0016_0059_0059.jpg 1 6 16 59 59
0927_0011_0031_0056_0056.jpg 1 11 31 56 56
0928_0011_0019_0056_0056.jpg 1 11 19 56 56
0929_0010_0032_0055_0055.jpg 1 10 32 55 55
0930_0023_0028_0060_0060.jpg 1 23 28 60 60
0931_0014_0041_0042_0042.jpg 1 14 41 42 42
0932_0011_0009_0067_0067.jpg 1 11 9 67 67
0933_0022_0009_0063_0063.jpg 1 22 9 63 63
0934_0016_0008_0046_0046.jpg 1 16 8 46 46
0935_0023_0024_0064_0064.jpg 1 23 24 64 64
0936_0015_0013_0046_0046.jpg 1 15 13 46 46
0937_0025_0006_0065_0065.jpg 1 25 6 65 65
0938_0026_0024_0055_0055.jpg 1 26 24 55 55
0939_0047_0023_0033_0033.jpg 1 47 23 33 33
0940_0008_0028_0058_0058.jpg 1 8 28 58 58
0941_0045_0040_0037_0037.jpg 1 45 40 37 37
0942_0061_0022_0028_0028.jpg 1 61 22 28 28
0943_0033_0017_0045_0045.jpg 1 33 17 45 45
0944_0026_0057_0035_0035.jpg 1 26 57 35 35
0945_0027_0052_0039_0039.jpg 1 27 52 39 39
0946_0010_0037_0038_0038.jpg 1 10 37 38 38
0947_0026_0022_0054_0054.jpg 1 26 22 54 54
0948_0021_0007_0067_0067.jpg 1 21 7 67 67
0949_0017_0026_0064_0064.jpg 1 17 26 64 64
0950_0036_0010_0033_0033.jpg 1 36 10 33 33
0951_0027_0022_0066_0066.jpg 1 27 22 66 66
0952_0020_0010_0066_0066.jpg 1 20 10 66 66
0953_0035_0021_0054_0054.jpg 1 35 21 54 54
0954_0023_0045_0047_0047.jpg 1 23 45 47 47
0955_0039_0032_0030_0030.jpg 1 39 32 30 30
0956_0057_0014_0031_0031.jpg 1 57 14 31 31
0957_0018_0010_0024_0024.jpg 1 18 10 24 24
0958_0021_0046_0044_0044.jpg 1 21 46 44 44
0959_0047_0011_0045_0045.jpg 1 47 11 45 45
0960_0021_0028_0059_0059.jpg 1 21 28 59 59
0961_0016_0034_0030_0030.jpg 1 16 34 30 30
0962_0033_0019_0060_0060.jpg 1 33 19 60 60
0963_0036_0033_0053_0053.jpg 1 36 33 53 53
0964_0023_0022_0067_0067.jpg 1 23 22 67 67
0965_0026_0017_0024_0024.jpg 1 26 17 24 24
0966_0048_0029_0040_0040.jpg 1 48 29 40 40
0967_0004_0010_0064_0064.jpg 1 4 10 64 64
0968_0049_0040_0033_0033.jpg 1 49 40 33 33
0969_0020_0014_0057_0057.jpg 1 20 14 57 57
0970_0006_0025_0067_0067.jpg 1 6 25 67 67
0971_0010_0006_0057_0057.jpg 1 10 6 57 57
0972_0010_0025_0063_0063.jpg 1 10 25 63 63
0973_0020_0052_0026_0026.jpg 1 20 52 26 26
0974_0042_0041_0046_0046.jpg 1 42 41 46 46
0975_0011_0012_0064_0064.jpg 1 11 12 64 64
0976_0037_0007_0027_0027.jpg 1 37 7 27 27
0977_0047_0032_0035_0035.jpg 1 47 32 35 35
0978_0030_0007_0038_0038.jpg 1 30 7 38 38
0979_0024_0063_0027_0027.jpg 1 24 63 27 27
0980_0027_0037_0049_0049.jpg 1 27 37 49 49
0981_0036_0025_0032_0032.jpg 1 36 25 32 32
0982_0021_0025_0067_0067.jpg 1 21 25 67 67
0983_0030_0021_0037_0037.jpg 1 30 21 37 37
0984_0009_0017_0055_0055.jpg 1 9 17 55 55
0985_0058_0045_0033_0033.jpg 1 58 45 33 33
0986_0013_0022_0069_0069.jpg 1 13 22 69 69
0987_0005_0028_0061_0061.jpg 1 5 28 61 61
0988_0046_0034_0046_0046.jpg 1 46 34 46 46
0989_0041_0036_0052_0052.jpg 1 41 36 52 52
0990_0028_0015_0049_0049.jpg 1 28 15 49 49
0991_0060_0025_0031_0031.jpg 1 60 25 31 31
0992_0015_0014_0036_0036.jpg 1 15 14 36 36
0993_0015_0036_0051_0051.jpg 1 15 36 51 51
0994_0040_0019_0054_0054.jpg 1 40 19 54 54
0995_0036_0024_0042_0042.jpg 1 36 24 42 42
0996_0026_0015_0067_0067.jpg 1 26 15 67 67
0997_0038_0013_0047_0047.jpg 1 38 13 47 47
0998_0027_0045_0036_0036.jpg 1 27 45 36 36
0999_0005_0007_0057_0057.jpg 1 5 7 57 57
1000_0017_0031_0062_0062.jpg 1 17 31 62 62
1001_0008_0029_0065_0065.jpg 1 8 29 65 65
1002_0040_0011_0052_0052.jpg 1 40 11 52 52
1003_0012_0045_0037_0037.jpg 1 12 45 37 37
1004_0024_0046_0036_0036.jpg 1 24 46 36 36
1005_0060_0025_0027_0027.jpg 1 60 25 27 27
1006_0018_0015_0048_0048.jpg 1 18 15 48 48
1007_0008_0009_0057_0057.jpg 1 8 9 57 57
1008_0016_0046_0035_0035.jpg 1 16 46 35 35
1009_0041_0021_0044_0044.jpg 1 41 21 44 44
1010_0023_0013_0046_0046.jpg 1 23 13 46 46
1011_0039_0033_0026_0026.jpg 1 39 33 26 26
1012_0016_0025_0063_0063.jpg 1 16 25 63 63
1013_0009_0037_0048_0048.jpg 1 9 37 48 48
1014_0042_0015_0026_0026.jpg 1 42 15 26 26
1015_0041_0050_0034_0034.jpg 1 41 50 34 34
1016_0036_0013_0044_0044.jpg 1 36 13 44 44
1017_0032_0012_0034_0034.jpg 1 32 12 34 34
1018_0018_0011_0028_0028.jpg 1 18 11 28 28
1019_0032_0039_0054_0054.jpg 1 32 39 54 54
1020_0018_0016_0064_0064.jpg 1 18 16 64 64
1021_0021_0028_0063_0063.jpg 1 21 28 63 63
1022_0036_0009_0031_0031.jpg 1 36 9 31 31
1023_0006_0018_0064_0064.jpg 1 6 18 64 64
1024_0038_0028_0056_0056.jpg 1 38 28 56 56
1025_0016_0016_0051_0051.jpg 1 16 16 51 51
1026_0010_0053_0040_0040.jpg 1 10 53 40 40
1027_0033_0028_0045_0045.jpg 1 33 28 45 45
1028_0018_0035_0057_0057.jpg 1 18 35 57 57
1029_0028_0020_0067_0067.jpg 1 28 20 67 67
1030_0018_0036_0027_0027.jpg 1 18 36 27 27
1031_0007_0039_0053_0053.jpg 1 7 39 53 53
1032_0008_0034_0027_0027.jpg 1 8 34 27 27
1033_0010_0028_0064_0064.jpg 1 10 28 64 64
1034_0005_0024_0064_0064.jpg 1 5 24 64 64
1035_0055_0010_0030_0030.jpg 1 55 10 30 30
1036_0051_0014_0035_0035.jpg 1 51 14 35 35
1037_0055_0040_0026_0026.jpg 1 55 40 26 26
1038_0021_0035_0055_0055.jpg 1 21 35 55 55
1039_0005_0005_0058_0058.jpg 1 5 5 58 58
1040_0021_0043_0035_0035.jpg 1 21 43 35 35
1041_0023_0021_0067_0067.jpg 1 23 21 67 67
1042_0014_0007_0051_0051.jpg 1 14 7 51 51
1043_0009_0005_0060_0060.jpg 1 9 5 60 60
1044_0057_0028_0029_0029.jpg 1 57 28 29 29
1045_0033_0060_0027_0027.jpg 1 33 60 27 27
1046_0042_0030_0040_0040.jpg 1 42 30 40 40
1047_0055_0052_0027_0027.jpg 1 55 52 27 27
1048_0008_0046_0030_0030.jpg 1 8 46 30 30
1049_0012_0042_0034_0034.jpg 1 12 42 34 34
1050_0005_0030_0061_0061.jpg 1 5 30 61 61
1051_0063_0011_0029_0029.jpg 1 63 11 29 29
1052_0024_0042_0028_0028.jpg 1 24 42 28 28
1053_0042_0026_0024_0024.jpg 1 42 26 24 24
1054_0020_0054_0032_0032.jpg 1 20 54 32 32
1055_0013_0009_0063_0063.jpg 1 13 9 63 63
1056_0041_0029_0030_0030.jpg 1 41 29 30 30
1057_0023_0027_0036_0036.jpg 1 23 27 36 36
1058_0053_0033_0031_0031.jpg 1 53 33 31 31
1059_0016_0031_0033_0033.jpg 1 16 31 33 33
1060_0041_0043_0048_0048.jpg 1 41 43 48 48
1061_0039_0051_0038_0038.jpg 1 39 51 38 38
1062_0045_0031_0045_0045.jpg 1 45 31 45 45
1063_0039_0017_0045_0045.jpg 1 39 17 45 45
1064_0038_0048_0028_0028.jpg 1 38 48 28 28
1065_0052_0009_0036_0036.jpg 1 52 9 36 36
1066_0007_0011_0068_0068.jpg 1 7 11 68 68
1067_0023_0008_0049_0049.jpg 1 23 8 49 49
1068_0029_0030_0048_0048.jpg 1 29 30 48 48
1069_0021_0007_0069_0069.jpg 1 21 7 69 69
1070_0025_0008_0069_0069.jpg 1 25 8 69 69
1071_0021_0033_0037_0037.jpg 1 21 33 37 37
1072_0026_0011_0034_0034.jpg 1 26 11 34 34
1073_0013_0054_0032_0032.jpg 1 13 54 32 32
1074_0020_0034_0051_0051.jpg 1 20 34 51 51
1075_0018_0065_0025_0025.jpg 1 18 65 25 25
1076_0044_0055_0031_0031.jpg 1 44 55 31 31
1077_0051_0028_0025_0025.jpg 1 51 28 25 25
1078_0057_0024_0028_0028.jpg 1 57 24 28 28
1079_0026_0007_0037_0037.jpg 1 26 7 37 37
1080_0045_0039_0039_0039.jpg 1 45 39 39 39
1081_0031_0017_0044_0044.jpg 1 31 17 44 44
1082_0030_0005_0064_0064.jpg 1 30 5 64 64
1083_0041_0021_0035_0035.jpg 1 41 21 35 35
1084_0012_0003_0065_0065.jpg 1 12 3 65 65
1085_0043_0045_0044_0044.jpg 1 43 45 44 44
1086_0012_0013_0045_0045.jpg 1 12 13 45 45
1087_0039_0009_0038_0038.jpg 1 39 9 38 38
1088_0032_0017_0035_0035.jpg 1 32 17 35 35
1089_0053_0055_0036_0036.jpg 1 53 55 36 36
1090_0011_0031_0048_0048.jpg 1 11 31 48 48
1091_0044_0022_0037_0037.jpg 1 44 22 37 37
1092_0040_0048_0033_0033.jpg 1 40 48 33 33
1093_0035_0048_0032_0032.jpg 1 35 48 32 32
1094_0025_0026_0055_0055.jpg 1 25 26 55 55
1095_0032_0019_0063_0063.jpg 1 32 19 63 63
1096_0020_0025_0063_0063.jpg 1 20 25 63 63
1097_0007_0020_0037_0037.jpg 1 7 20 37 37
1098_0034_0046_0033_0033.jpg 1 34 46 33 33
1099_0038_0035_0057_0057.jpg 1 38 35 57 57
1100_0025_0040_0049_0049.jpg 1 25 40 49 49
1101_0027_0011_0025_0025.jpg 1 27 11 25 25
1102_0015_0036_0046_0046.jpg 1 15 36 46 46
1103_0028_0060_0032_0032.jpg 1 28 60 32 32
1104_0014_0016_0046_0046.jpg 1 14 16 46 46
1105_0012_0013_0068_0068.jpg 1 12 13 68 68
1106_0063_0007_0025_0025.jpg 1 63 7 25 25
1107_0028_0019_0040_0040.jpg 1 28 19 40 40
1108_0012_0012_0064_0064.jpg 1 12 12 64 64
1109_0015_0007_0067_0067.jpg 1 15 7 67 67
1110_0003_0017_0068_0068.jpg 1 3 17 68 68
1111_0045_0014_0047_0047.jpg 1 45 14 47 47
1112_0047_0049_0027_0027.jpg 1 47 49 27 27
1113_0025_0034_0046_0046.jpg 1 25 34 46 46
1114_0010_0010_0066_0066.jpg 1 10 10 66 66
1115_0024_0017_0047_0047.jpg 1 24 17 47 47
1116_0005_0035_0051_0051.jpg 1 5 35 51 51
1117_0032_0036_0038_0038.jpg 1 32 36 38 38
1118_0016_0030_0042_0042.jpg 1 16 30 42 42
1119_0034_0033_0052_0052.jpg 1 34 33 52 52
1120_0013_0008_0052_0052.jpg 1 13 8 52 52
1121_0005_0012_0050_0050.jpg 1 5 12 50 50
1122_0018_0025_0068_0068.jpg 1 18 25 68 68
1123_0008_0024_0061_0061.jpg 1 8 24 61 61
1124_0005_0004_0069_0069.jpg 1 5 4 69 69
1125_0008_0027_0058_0058.jpg 1 8 27 58 58
1126_0030_0015_0038_0038.jpg 1 30 15 38 38
1127_0035_0009_0057_0057.jpg 1 35 9 57 57
1128_0029_0018_0038_0038.jpg 1 29 18 38 38
1129_0060_0023_0026_0026.jpg 1 60 23 26 26
1130_0042_0007_0034_0034.jpg 1 42 7 34 34
1131_0018_0018_0069_0069.jpg 1 18 18 69 69
1132_0020_0031_0036_0036.jpg 1 20 31 36 36
1133_0021_0026_0068_0068.jpg 1 21 26 68 68
1134_0026_0027_0055_0055.jpg 1 26 27 55 55
1135_0034_0026_0056_0056.jpg 1 34 26 56 56
1136_0014_0031_0041_0041.jpg 1 14 31 41 41
1137_0009_0013_0061_0061.jpg 1 9 13 61 61
1138_0036_0019_0047_0047.jpg 1 36 19 47 47
1139_0018_0065_0026_0026.jpg 1 18 65 26 26
1140_0015_0034_0024_0024.jpg 1 15 34 24 24
1141_0013_0020_0041_0041.jpg 1 13 20 41 41
1142_0004_0030_0060_0060.jpg 1 4 30 60 60
1143_0012_0010_0068_0068.jpg 1 12 10 68 68
1144_0016_0033_0060_0060.jpg 1 16 33 60 60
1145_0004_0022_0065_0065.jpg 1 4 22 65 65
1146_0019_0036_0045_0045.jpg 1 19 36 45 45
1147_0016_0043_0039_0039.jpg 1 16 43 39 39
1148_0024_0032_0059_0059.jpg 1 24 32 59 59
1149_0020_0008_0068_0068.jpg 1 20 8 68 68
1150_0019_0059_0030_0030.jpg 1 19 59 30 30
1151_0039_0044_0048_0048.jpg 1 39 44 48 48
1152_0031_0015_0058_0058.jpg 1 31 15 58 58
1153_0021_0039_0051_0051.jpg 1 21 39 51 51
1154_0049_0027_0034_0034.jpg 1 49 27 34 34
1155_0059_0058_0034_0034.jpg 1 59 58 34 34
1156_0021_0005_0064_0064.jpg 1 21 5 64 64
1157_0041_0044_0048_0048.jpg 1 41 44 48 48
1158_0036_0008_0055_0055.jpg 1 36 8 55 55
1159_0031_0030_0064_0064.jpg 1 31 30 64 64
1160_0025_0006_0068_0068.jpg 1 25 6 68 68
1161_0033_0024_0054_0054.jpg 1 33 24 54 54
1162_0006_0019_0052_0052.jpg 1 6 19 52 52
1163_0054_0009_0036_0036.jpg 1 54 9 36 36
1164_0022_0036_0035_0035.jpg 1 22 36 35 35
1165_0024_0026_0034_0034.jpg 1 24 26 34 34
1166_0044_0005_0042_0042.jpg 1 44 5 42 42
1167_0035_0029_0042_0042.jpg 1 35 29 42 42
1168_0010_0030_0049_0049.jpg 1 10 30 49 49
1169_0009_0007_0052_0052.jpg 1 9 7 52 52
1170_0019_0037_0042_0042.jpg 1 19 37 42 42
1171_0056_0038_0034_0034.jpg 1 56 38 34 34
1172_0032_0047_0029_0029.jpg 1 32 47 29 29
1173_0048_0008_0041_0041.jpg 1 48 8 41 41
1174_0032_0020_0059_0059.jpg 1 32 20 59 59
1175_0018_0003_0069_0069.jpg 1 18 3 69 69
1176_0023_0010_0040_0040.jpg 1 23 10 40 40
1177_0058_0016_0034_0034.jpg 1 58 16 34 34
1178_0025_0012_0054_0054.jpg 1 25 12 54 54
1179_0031_0012_0051_0051.jpg 1 31 12 51 51
1180_0012_0021_0068_0068.jpg 1 12 21 68 68
1181_0012_0034_0055_0055.jpg 1 12 34 55 55
1182_0039_0051_0036_0036.jpg 1 39 51 36 36
1183_0021_0026_0060_0060.jpg 1 21 26 60 60
1184_0009_0028_0026_0026.jpg 1 9 28 26 26
1185_0009_0008_0025_0025.jpg 1 9 8 25 25
1186_0032_0029_0056_0056.jpg 1 32 29 56 56
1187_0007_0019_0066_0066.jpg 1 7 19 66 66
1188_0033_0010_0047_0047.jpg 1 33 10 47 47
1189_0018_0044_0046_0046.jpg 1 18 44 46 46
1190_0009_0045_0038_0038.jpg 1 9 45 38 38
1191_0015_0031_0046_0046.jpg 1 15 31 46 46
1192_0055_0044_0037_0037.jpg 1 55 44 37 37
1193_0014_0047_0041_0041.jpg 1 14 47 41 41
1194_0024_0054_0027_0027.jpg 1 24 54 27 27
1195_0038_0036_0026_0026.jpg 1 38 36 26 26
1196_0016_0014_0045_0045.jpg 1 16 14 45 45
1197_0034_0020_0040_0040.jpg 1 34 20 40 40
1198_0027_0038_0032_0032.jpg 1 27 38 32 32
1199_0034_0027_0061_0061.jpg 1 34 27 61 61
1200_0016_0021_0054_0054.jpg 1 16 21 54 54
1201_0003_0022_0069_0069.jpg 1 3 22 69 69
1202_0029_0037_0042_0042.jpg 1 29 37 42 42
1203_0026_0021_0047_0047.jpg 1 26 21 47 47
1204_0052_0042_0032_0032.jpg 1 52 42 32 32
1205_0015_0025_0064_0064.jpg 1 15 25 64 64
1206_0029_0014_0066_0066.jpg 1 29 14 66 66
1207_0060_0051_0030_0030.jpg 1 60 51 30 30
1208_0007_0043_0030_0030.jpg 1 7 43 30 30
1209_0031_0032_0059_0059.jpg 1 31 32 59 59
1210_0019_0019_0054_0054.jpg 1 19 19 54 54
1211_0027_0012_0051_0051.jpg 1 27 12 51 51
1212_0017_0013_0024_0024.jpg 1 17 13 24 24
1213_0030_0005_0045_0045.jpg 1 30 5 45 45
1214_0008_0007_0059_0059.jpg 1 8 7 59 59
1215_0025_0014_0068_0068.jpg 1 25 14 68 68
1216_0036_0024_0056_0056.jpg 1 36 24 56 56
1217_0006_0029_0055_0055.jpg 1 6 29 55 55
1218_0037_0011_0046_0046.jpg 1 37 11 46 46
1219_0014_0035_0038_0038.jpg 1 14 35 38 38
1220_0017_0035_0059_0059.jpg 1 17 35 59 59
1221_0013_0040_0055_0055.jpg 1 13 40 55 55
1222_0031_0017_0042_0042.jpg 1 31 17 42 42
1223_0048_0021_0036_0036.jpg 1 48 21 36 36
1224_0028_0019_0064_0064.jpg 1 28 19 64 64
1225_0007_0008_0064_0064.jpg 1 7 8 64 64
1226_0009_0020_0060_0060.jpg 1 9 20 60 60
1227_0005_0028_0059_0059.jpg 1 5 28 59 59
1228_0053_0035_0031_0031.jpg 1 53 35 31 31
1229_0040_0031_0045_0045.jpg 1 40 31 45 45
1230_0056_0015_0025_0025.jpg 1 56 15 25 25
1231_0023_0019_0066_0066.jpg 1 23 19 66 66
1232_0022_0006_0051_0051.jpg 1 22 6 51 51
1233_0042_0044_0046_0046.jpg 1 42 44 46 46
1234_0020_0010_0027_0027.jpg 1 20 10 27 27
1235_0017_0046_0034_0034.jpg 1 17 46 34 34
1236_0049_0023_0041_0041.jpg 1 49 23 41 41
1237_0012_0013_0069_0069.jpg 1 12 13 69 69
1238_0014_0009_0062_0062.jpg 1 14 9 62 62
1239_0008_0028_0051_0051.jpg 1 8 28 51 51
1240_0009_0042_0049_0049.jpg 1 9 42 49 49
1241_0034_0052_0037_0037.jpg 1 34 52 37 37
1242_0014_0011_0052_0052.jpg 1 14 11 52 52
1243_0041_0043_0027_0027.jpg 1 41 43 27 27
1244_0057_0020_0030_0030.jpg 1 57 20 30 30
1245_0029_0019_0043_0043.jpg 1 29 19 43 43
1246_0015_0046_0034_0034.jpg 1 15 46 34 34
1247_0013_0029_0054_0054.jpg 1 13 29 54 54
1248_0005_0031_0065_0065.jpg 1 5 31 65 65
1249_0058_0047_0029_0029.jpg 1 58 47 29 29
1250_0012_0005_0059_0059.jpg 1 12 5 59 59
1251_0039_0018_0040_0040.jpg 1 39 18 40 40
1252_0018_0041_0028_0028.jpg 1 18 41 28 28
1253_0011_0009_0068_0068.jpg 1 11 9 68 68
1254_0032_0044_0042_0042.jpg 1 32 44 42 42
1255_0023_0006_0043_0043.jpg 1 23 6 43 43
1256_0062_0064_0025_0025.jpg 1 62 64 25 25
1257_0013_0046_0034_0034.jpg 1 13 46 34 34
1258_0035_0034_0043_0043.jpg 1 35 34 43 43
1259_0011_0048_0035_0035.jpg 1 11 48 35 35
1260_0020_0009_0038_0038.jpg 1 20 9 38 38
1261_0044_0022_0030_0030.jpg 1 44 22 30 30
1262_0039_0013_0041_0041.jpg 1 39 13 41 41
1263_0017_0006_0066_0066.jpg 1 17 6 66 66
1264_0030_0034_0050_0050.jpg 1 30 34 50 50
1265_0011_0013_0030_0030.jpg 1 11 13 30 30
1266_0005_0010_0057_0057.jpg 1 5 10 57 57
1267_0024_0018_0063_0063.jpg 1 24 18 63 63
1268_0011_0006_0032_0032.jpg 1 11 6 32 32
1269_0019_0040_0046_0046.jpg 1 19 40 46 46
1270_0041_0063_0025_0025.jpg 1 41 63 25 25
1271_0031_0031_0060_0060.jpg 1 31 31 60 60
1272_0012_0055_0032_0032.jpg 1 12 55 32 32
1273_0017_0016_0067_0067.jpg 1 17 16 67 67
1274_0035_0006_0040_0040.jpg 1 35 6 40 40
1275_0026_0029_0045_0045.jpg 1 26 29 45 45
1276_0006_0027_0064_0064.jpg 1 6 27 64 64
1277_0037_0048_0030_0030.jpg 1 37 48 30 30
1278_0043_0012_0041_0041.jpg 1 43 12 41 41
1279_0023_0020_0046_0046.jpg 1 23 20 46 46
1280_0040_0037_0053_0053.jpg 1 40 37 53 53
1281_0029_0012_0047_0047.jpg 1 29 12 47 47
1282_0038_0009_0056_0056.jpg 1 38 9 56 56
1283_0016_0029_0038_0038.jpg 1 16 29 38 38
1284_0013_0028_0063_0063.jpg 1 13 28 63 63
1285_0007_0011_0041_0041.jpg 1 7 11 41 41
1286_0005_0028_0050_0050.jpg 1 5 28 50 50
1287_0012_0034_0054_0054.jpg 1 12 34 54 54
1288_0021_0007_0031_0031.jpg 1 21 7 31 31
1289_0032_0018_0060_0060.jpg 1 32 18 60 60
1290_0031_0014_0030_0030.jpg 1 31 14 30 30
1291_0045_0036_0046_0046.jpg 1 45 36 46 46
1292_0015_0006_0041_0041.jpg 1 15 6 41 41
1293_0013_0024_0065_0065.jpg 1 13 24 65 65
1294_0021_0018_0027_0027.jpg 1 21 18 27 27
1295_0048_0018_0041_0041.jpg 1 48 18 41 41
1296_0034_0034_0059_0059.jpg 1 34 34 59 59
1297_0022_0023_0060_0060.jpg 1 22 23 60 60
1298_0016_0030_0053_0053.jpg 1 16 30 53 53
1299_0012_0003_0064_0064.jpg 1 12 3 64 64
1300_0014_0012_0059_0059.jpg 1 14 12 59 59
1301_0038_0042_0049_0049.jpg 1 38 42 49 49
1302_0038_0007_0039_0039.jpg 1 38 7 39 39
1303_0014_0045_0045_0045.jpg 1 14 45 45 45
1304_0007_0009_0050_0050.jpg 1 7 9 50 50
1305_0025_0042_0038_0038.jpg 1 25 42 38 38
1306_0021_0052_0030_0030.jpg 1 21 52 30 30
1307_0029_0030_0051_0051.jpg 1 29 30 51 51
1308_0041_0059_0032_0032.jpg 1 41 59 32 32
1309_0027_0028_0048_0048.jpg 1 27 28 48 48
1310_0053_0054_0031_0031.jpg 1 53 54 31 31
1311_0051_0013_0024_0024.jpg 1 51 13 24 24
1312_0031_0041_0041_0041.jpg 1 31 41 41 41
1313_0014_0019_0067_0067.jpg 1 14 19 67 67
1314_0049_0051_0024_0024.jpg 1 49 51 24 24
1315_0026_0019_0066_0066.jpg 1 26 19 66 66
1316_0020_0017_0041_0041.jpg 1 20 17 41 41
1317_0014_0024_0055_0055.jpg 1 14 24 55 55
1318_0014_0004_0066_0066.jpg 1 14 4 66 66
1319_0012_0025_0045_0045.jpg 1 12 25 45 45
1320_0006_0019_0053_0053.jpg 1 6 19 53 53
1321_0016_0006_0068_0068.jpg 1 16 6 68 68
1322_0032_0036_0049_0049.jpg 1 32 36 49 49
1323_0030_0013_0065_0065.jpg 1 30 13 65 65
1324_0053_0038_0037_0037.jpg 1 53 38 37 37
1325_0013_0008_0043_0043.jpg 1 13 8 43 43
1326_0005_0029_0043_0043.jpg 1 5 29 43 43
1327_0013_0023_0051_0051.jpg 1 13 23 51 51
1328_0007_0011_0033_0033.jpg 1 7 11 33 33
1329_0017_0016_0064_0064.jpg 1 17 16 64 64
1330_0039_0030_0032_0032.jpg 1 39 30 32 32
1331_0040_0008_0047_0047.jpg 1 40 8 47 47
1332_0021_0018_0069_0069.jpg 1 21 18 69 69
1333_0017_0028_0067_0067.jpg 1 17 28 67 67
1334_0009_0032_0057_0057.jpg 1 9 32 57 57
1335_0047_0018_0041_0041.jpg 1 47 18 41 41
1336_0040_0019_0026_0026.jpg 1 40 19 26 26
1337_0036_0053_0026_0026.jpg 1 36 53 26 26
1338_0013_0033_0049_0049.jpg 1 13 33 49 49
1339_0014_0037_0036_0036.jpg 1 14 37 36 36
1340_0026_0018_0058_0058.jpg 1 26 18 58 58
1341_0022_0008_0062_0062.jpg 1 22 8 62 62
1342_0017_0019_0060_0060.jpg 1 17 19 60 60
1343_0009_0025_0066_0066.jpg 1 9 25 66 66
1344_0041_0045_0036_0036.jpg 1 41 45 36 36
1345_0024_0034_0037_0037.jpg 1 24 34 37 37
1346_0007_0018_0058_0058.jpg 1 7 18 58 58
1347_0025_0036_0025_0025.jpg 1 25 36 25 25
1348_0013_0033_0034_0034.jpg 1 13 33 34 34
1349_0036_0015_0056_0056.jpg 1 36 15 56 56
1350_0037_0039_0056_0056.jpg 1 37 39 56 56
1351_0023_0012_0042_0042.jpg 1 23 12 42 42
1352_0032_0022_0024_0024.jpg 1 32 22 24 24
1353_0058_0057_0032_0032.jpg 1 58 57 32 32
1354_0027_0027_0052_0052.jpg 1 27 27 52 52
1355_0023_0010_0032_0032.jpg 1 23 10 32 32
1356_0024_0024_0030_0030.jpg 1 24 24 30 30
1357_0027_0043_0033_0033.jpg 1 27 43 33 33
1358_0017_0020_0055_0055.jpg 1 17 20 55 55
1359_0032_0032_0063_0063.jpg 1 32 32 63 63
1360_0024_0019_0061_0061.jpg 1 24 19 61 61
1361_0038_0024_0033_0033.jpg 1 38 24 33 33
1362_0016_0024_0049_0049.jpg 1 16 24 49 49
1363_0022_0035_0039_0039.jpg 1 22 35 39 39
1364_0042_0027_0043_0043.jpg 1 42 27 43 43
1365_0011_0010_0059_0059.jpg 1 11 10 59 59
1366_0014_0006_0037_0037.jpg 1 14 6 37 37
1367_0015_0015_0051_0051.jpg 1 15 15 51 51
1368_0033_0045_0047_0047.jpg 1 33 45 47 47
1369_0011_0027_0024_0024.jpg 1 11 27 24 24
1370_0009_0028_0066_0066.jpg 1 9 28 66 66
1371_0048_0035_0034_0034.jpg 1 48 35 34 34
1372_0010_0010_0062_0062.jpg 1 10 10 62 62
1373_0045_0013_0048_0048.jpg 1 45 13 48 48
1374_0038_0013_0030_0030.jpg 1 38 13 30 30
1375_0035_0038_0055_0055.jpg 1 35 38 55 55
1376_0004_0022_0065_0065.jpg 1 4 22 65 65
1377_0035_0013_0044_0044.jpg 1 35 13 44 44
1378_0022_0023_0048_0048.jpg 1 22 23 48 48
1379_0023_0029_0051_0051.jpg 1 23 29 51 51
1380_0034_0036_0029_0029.jpg 1 34 36 29 29
1381_0032_0054_0031_0031.jpg 1 32 54 31 31
1382_0014_0042_0052_0052.jpg 1 14 42 52 52
1383_0035_0045_0036_0036.jpg 1 35 45 36 36
1384_0033_0005_0057_0057.jpg 1 33 5 57 57
1385_0035_0047_0039_0039.jpg 1 35 47 39 39
1386_0033_0012_0060_0060.jpg 1 33 12 60 60
1387_0030_0015_0063_0063.jpg 1 30 15 63 63
1388_0043_0030_0024_0024.jpg 1 43 30 24 24
1389_0022_0032_0041_0041.jpg 1 22 32 41 41
1390_0010_0053_0031_0031.jpg 1 10 53 31 31
1391_0018_0026_0060_0060.jpg 1 18 26 60 60
1392_0025_0042_0051_0051.jpg 1 25 42 51 51
1393_0024_0023_0069_0069.jpg 1 24 23 69 69
1394_0004_0012_0069_0069.jpg 1 4 12 69 69
1395_0038_0030_0038_0038.jpg 1 38 30 38 38
1396_0017_0029_0060_0060.jpg 1 17 29 60 60
1397_0005_0035_0044_0044.jpg 1 5 35 44 44
1398_0020_0032_0061_0061.jpg 1 20 32 61 61
1399_0039_0014_0027_0027.jpg 1 39 14 27 27
1400_0023_0024_0059_0059.jpg 1 23 24 59 59
1401_0016_0037_0040_0040.jpg 1 16 37 40 40
1402_0011_0012_0058_0058.jpg 1 11 12 58 58
1403_0040_0042_0025_0025.jpg 1 40 42 25 25
1404_0024_0015_0067_0067.jpg 1 24 15 67 67
1405_0053_0017_0027_0027.jpg 1 53 17 27 27
1406_0023_0029_0064_0064.jpg 1 23 29 64 64
1407_0021_0057_0028_0028.jpg 1 21 57 28 28
1408_0035_0006_0055_0055.jpg 1 35 6 55 55
1409_0028_0026_0032_0032.jpg 1 28 26 32 32
1410_0010_0013_0031_0031.jpg 1 10 13 31 31
1411_0006_0028_0036_0036.jpg 1 6 28 36 36
1412_0050_0050_0025_0025.jpg 1 50 50 25 25
1413_0040_0012_0043_0043.jpg 1 40 12 43 43
1414_0032_0028_0040_0040.jpg 1 32 28 40 40
1415_0007_0034_0042_0042.jpg 1 7 34 42 42
1416_0053_0049_0033_0033.jpg 1 53 49 33 33
1417_0024_0053_0040_0040.jpg 1 24 53 40 40
1418_0040_0038_0052_0052.jpg 1 40 38 52 52
1419_0023_0014_0062_0062.jpg 1 23 14 62 62
1420_0052_0048_0031_0031.jpg 1 52 48 31 31
1421_0028_0017_0034_0034.jpg 1 28 17 34 34
1422_0045_0015_0031_0031.jpg 1 45 15 31 31
1423_0023_0030_0053_0053.jpg 1 23 30 53 53
1424_0009_0030_0053_0053.jpg 1 9 30 53 53
1425_0026_0046_0041_0041.jpg 1 26 46 41 41
1426_0003_0009_0065_0065.jpg 1 3 9 65 65
1427_0021_0051_0025_0025.jpg 1 21 51 25 25
1428_0016_0009_0050_0050.jpg 1 16 9 50 50
1429_0020_0028_0065_0065.jpg 1 20 28 65 65
1430_0005_0010_0057_0057.jpg 1 5 10 57 57
1431_0045_0043_0033_0033.jpg 1 45 43 33 33
1432_0045_0041_0039_0039.jpg 1 45 41 39 39
1433_0010_0046_0041_0041.jpg 1 10 46 41 41
1434_0032_0023_0050_0050.jpg 1 32 23 50 50
1435_0041_0014_0040_0040.jpg 1 41 14 40 40
1436_0057_0040_0035_0035.jpg 1 57 40 35 35
1437_0031_0019_0060_0060.jpg 1 31 19 60 60
1438_0007_0003_0069_0069.jpg 1 7 3 69 69
1439_0055_0039_0037_0037.jpg 1 55 39 37 37
1440_0016_0015_0062_0062.jpg 1 16 15 62 62
1441_0050_0025_0026_0026.jpg 1 50 25 26 26
1442_0015_0017_0047_0047.jpg 1 15 17 47 47
1443_0012_0015_0069_0069.jpg 1 12 15 69 69
1444_0020_0014_0049_0049.jpg 1 20 14 49 49
1445_0003_0026_0068_0068.jpg 1 3 26 68 68
1446_0037_0025_0024_0024.jpg 1 37 25 24 24
1447_0014_0020_0057_0057.jpg 1 14 20 57 57
1448_0013_0040_0030_0030.jpg 1 13 40 30 30
1449_0058_0007_0025_0025.jpg 1 58 7 25 25
1450_0016_0063_0024_0024.jpg 1 16 63 24 24
1451_0040_0043_0049_0049.jpg 1 40 43 49 49
1452_0040_0032_0038_0038.jpg 1 40 32 38 38
1453_0049_0051_0040_0040.jpg 1 49 51 40 40
1454_0015_0005_0045_0045.jpg 1 15 5 45 45
1455_0028_0011_0031_0031.jpg 1 28 11 31 31
1456_0012_0020_0065_0065.jpg 1 12 20 65 65
1457_0012_0004_0068_0068.jpg 1 12 4 68 68
1458_0005_0038_0047_0047.jpg 1 5 38 47 47
1459_0008_0009_0063_0063.jpg 1 8 9 63 63
1460_0017_0031_0054_0054.jpg 1 17 31 54 54
1461_0014_0019_0067_0067.jpg 1 14 19 67 67
1462_0021_0047_0040_0040.jpg 1 21 47 40 40
1463_0018_0020_0063_0063.jpg 1 18 20 63 63
1464_0010_0060_0031_0031.jpg 1 10 60 31 31
1465_0057_0012_0030_0030.jpg 1 57 12 30 30
1466_0058_0036_0024_0024.jpg 1 58 36 24 24
1467_0011_0043_0045_0045.jpg 1 11 43 45 45
1468_0029_0008_0067_0067.jpg 1 29 8 67 67
1469_0039_0018_0039_0039.jpg 1 39 18 39 39
1470_0019_0016_0057_0057.jpg 1 19 16 57 57
1471_0032_0033_0034_0034.jpg 1 32 33 34 34
1472_0011_0061_0027_0027.jpg 1 11 61 27 27
1473_0034_0060_0027_0027.jpg 1 34 60 27 27
1474_0006_0037_0052_0052.jpg 1 6 37 52 52
1475_0060_0011_0025_0025.jpg 1 60 11 25 25
1476_0012_0030_0062_0062.jpg 1 12 30 62 62
1477_0038_0043_0032_0032.jpg 1 38 43 32 32
1478_0013_0015_0066_0066.jpg 1 13 15 66 66
1479_0010_0011_0068_0068.jpg 1 10 11 68 68
1480_0021_0013_0061_0061.jpg 1 21 13 61 61
1481_0008_0036_0042_0042.jpg 1 8 36 42 42
1482_0009_0031_0046_0046.jpg 1 9 31 46 46
1483_0025_0018_0066_0066.jpg 1 25 18 66 66
1484_0016_0030_0058_0058.jpg 1 16 30 58 58
1485_0029_0022_0050_0050.jpg 1 29 22 50 50
1486_0023_0014_0068_0068.jpg 1 23 14 68 68
1487_0036_0008_0049_0049.jpg 1 36 8 49 49
1488_0010_0014_0047_0047.jpg 1 10 14 47 47
1489_0004_0019_0061_0061.jpg 1 4 19 61 61
1490_0007_0040_0045_0045.jpg 1 7 40 45 45
1491_0029_0013_0067_0067.jpg 1 29 13 67 67
1492_0042_0037_0034_0034.jpg 1 42 37 34 34
1493_0016_0013_0063_0063.jpg 1 16 13 63 63
1494_0006_0033_0039_0039.jpg 1 6 33 39 39
1495_0048_0055_0024_0024.jpg 1 48 55 24 24
1496_0038_0030_0055_0055.jpg 1 38 30 55 55
1497_0007_0056_0029_0029.jpg 1 7 56 29 29
1498_0044_0021_0030_0030.jpg 1 44 21 30 30
1499_0028_0021_0065_0065.jpg 1 28 21 65 65
1500_0053_0057_0029_0029.jpg 1 53 57 29 29
1501_0007_0023_0058_0058.jpg 1 7 23 58 58
1502_0048_0040_0027_0027.jpg 1 48 40 27 27
1503_0021_0016_0062_0062.jpg 1 21 16 62 62
1504_0026_0026_0052_0052.jpg 1 26 26 52 52
1505_0031_0010_0056_0056.jpg 1 31 10 56 56
1506_0037_0032_0042_0042.jpg 1 37 32 42 42
1507_0004_0003_0068_0068.jpg 1 4 3 68 68
1508_0033_0027_0056_0056.jpg 1 33 27 56 56
1509_0014_0054_0035_0035.jpg 1 14 54 35 35
1510_0014_0018_0068_0068.jpg 1 14 18 68 68
1511_0033_0008_0026_0026.jpg 1 33 8 26 26
1512_0027_0023_0066_0066.jpg 1 27 23 66 66
1513_0027_0014_0029_0029.jpg 1 27 14 29 29
1514_0054_0038_0033_0033.jpg 1 54 38 33 33
1515_0024_0014_0060_0060.jpg 1 24 14 60 60
1516_0048_0052_0039_0039.jpg 1 48 52 39 39
1517_0005_0026_0069_0069.jpg 1 5 26 69 69
1518_0030_0026_0061_0061.jpg 1 30 26 61 61
1519_0022_0030_0036_0036.jpg 1 22 30 36 36
1520_0040_0037_0043_0043.jpg 1 40 37 43 43
1521_0038_0036_0042_0042.jpg 1 38 36 42 42
1522_0014_0008_0056_0056.jpg 1 14 8 56 56
1523_0016_0010_0057_0057.jpg 1 16 10 57 57
1524_0036_0022_0032_0032.jpg 1 36 22 32 32
1525_0019_0042_0028_0028.jpg 1 19 42 28 28
1526_0031_0004_0057_0057.jpg 1 31 4 57 57
1527_0020_0054_0039_0039.jpg 1 20 54 39 39
1528_0008_0015_0065_0065.jpg 1 8 15 65 65
1529_0014_0022_0066_0066.jpg 1 14 22 66 66
1530_0010_0029_0061_0061.jpg 1 10 29 61 61
1531_0046_0029_0035_0035.jpg 1 46 29 35 35
1532_0014_0025_0034_0034.jpg 1 14 25 34 34
1533_0046_0038_0045_0045.jpg 1 46 38 45 45
1534_0044_0020_0034_0034.jpg 1 44 20 34 34
1535_0013_0032_0051_0051.jpg 1 13 32 51 51
1536_0011_0041_0034_0034.jpg 1 11 41 34 34
1537_0016_0016_0056_0056.jpg 1 16 16 56 56
1538_0050_0057_0030_0030.jpg 1 50 57 30 30
1539_0021_0039_0035_0035.jpg 1 21 39 35 35
1540_0015_0014_0069_0069.jpg 1 15 14 69 69
